#
# There is insufficient memory for the Java Runtime Environment to continue.
# Native memory allocation (malloc) failed to allocate 32744 bytes for ChunkPool::allocate
# Possible reasons:
#   The system is out of physical RAM or swap space
#   The process is running with CompressedOops enabled, and the Java Heap may be blocking the growth of the native heap
# Possible solutions:
#   Reduce memory load on the system
#   Increase physical memory or swap space
#   Check if swap backing store is full
#   Decrease Java heap size (-Xmx/-Xms)
#   Decrease number of Java threads
#   Decrease Java thread stack sizes (-Xss)
#   Set larger code cache with -XX:ReservedCodeCacheSize=
#   JVM is running with Unscaled Compressed Oops mode in which the Java heap is
#     placed in the first 4GB address space. The Java Heap base address is the
#     maximum limit for the native heap growth. Please use -XX:HeapBaseMinAddress
#     to set the Java Heap base and to place the Java Heap above 4GB virtual address.
# This output file may be truncated or incomplete.
#
#  Out of Memory Error (allocation.cpp:272), pid=104, tid=0x0000000000000de0
#
# JRE version: OpenJDK Runtime Environment (8.0_212-b04) (build 1.8.0_212-release-1586-b04)
# Java VM: OpenJDK 64-Bit Server VM (25.212-b04 mixed mode windows-amd64 compressed oops)
# Failed to write core dump. Minidumps are not enabled by default on client versions of Windows
#

---------------  T H R E A D  ---------------

Current thread (0x000000001605c000):  JavaThread "C2 CompilerThread0" daemon [_thread_in_native, id=3552, stack(0x00000000176e0000,0x00000000177e0000)]

Stack: [0x00000000176e0000,0x00000000177e0000]
[error occurred during error reporting (printing stack bounds), id 0xc0000005]

Native frames: (J=compiled Java code, j=interpreted, Vv=VM code, C=native code)


Current CompileTask:
C2:  31720 4748   !   4       com.sun.beans.TypeResolver::resolve (274 bytes)


---------------  P R O C E S S  ---------------

Java Threads: ( => current thread )
  0x0000000017b6d800 JavaThread "Cache worker for Build Output Cleanup Cache (C:\Users\Abhishek\StudioProjects\studypdf\.gradle\buildOutputCleanup)" [_thread_blocked, id=9880, stack(0x0000000022030000,0x0000000022130000)]
  0x0000000017b74800 JavaThread "Build operations Thread 4" [_thread_blocked, id=9460, stack(0x00000000208c0000,0x00000000209c0000)]
  0x0000000017b6d000 JavaThread "Build operations Thread 3" [_thread_blocked, id=6920, stack(0x00000000205b0000,0x00000000206b0000)]
  0x0000000017b73800 JavaThread "Build operations Thread 2" [_thread_blocked, id=8796, stack(0x00000000204b0000,0x00000000205b0000)]
  0x0000000017b6c000 JavaThread "Build operations" [_thread_blocked, id=9860, stack(0x00000000203b0000,0x00000000204b0000)]
  0x0000000017b70000 JavaThread "Cache worker for execution history cache (C:\Users\Abhishek\.gradle\caches\5.6.4\executionHistory)" [_thread_blocked, id=312, stack(0x000000001fcb0000,0x000000001fdb0000)]
  0x0000000017b71800 JavaThread "Cache worker for cache directory md-rule (C:\Users\Abhishek\.gradle\caches\5.6.4\md-rule)" [_thread_blocked, id=7272, stack(0x000000001fbb0000,0x000000001fcb0000)]
  0x0000000017b70800 JavaThread "Cache worker for cache directory md-supplier (C:\Users\Abhishek\.gradle\caches\5.6.4\md-supplier)" [_thread_blocked, id=5248, stack(0x000000001fab0000,0x000000001fbb0000)]
  0x0000000018bc4000 JavaThread "Cache worker for file hash cache (C:\Users\Abhishek\StudioProjects\studypdf\.gradle\5.6.4\fileHashes)" [_thread_blocked, id=7012, stack(0x000000001e1a0000,0x000000001e2a0000)]
  0x0000000018bc3800 JavaThread "Cache worker for journal cache (C:\Users\Abhishek\.gradle\caches\journal-1)" [_thread_blocked, id=5092, stack(0x000000001be00000,0x000000001bf00000)]
  0x0000000018bc8000 JavaThread "File lock request listener" [_thread_in_native, id=14092, stack(0x000000001bd00000,0x000000001be00000)]
  0x0000000018bc2800 JavaThread "Cache worker for file hash cache (C:\Users\Abhishek\.gradle\caches\5.6.4\fileHashes)" [_thread_blocked, id=5700, stack(0x000000001bc00000,0x000000001bd00000)]
  0x00000000179c6000 JavaThread "Thread-9" [_thread_blocked, id=7000, stack(0x000000001a930000,0x000000001aa30000)]
  0x0000000018380800 JavaThread "Stdin handler" [_thread_blocked, id=7664, stack(0x000000001a830000,0x000000001a930000)]
  0x000000001837f800 JavaThread "Asynchronous log dispatcher for DefaultDaemonConnection: socket connection from /127.0.0.1:52002 to /127.0.0.1:52003" [_thread_blocked, id=2084, stack(0x000000001a730000,0x000000001a830000)]
  0x0000000016096000 JavaThread "Daemon worker" [_thread_in_vm, id=10312, stack(0x000000001a630000,0x000000001a730000)]
  0x0000000018f95800 JavaThread "Cancel handler" [_thread_blocked, id=8384, stack(0x000000001a530000,0x000000001a630000)]
  0x0000000017a63800 JavaThread "Handler for socket connection from /127.0.0.1:52002 to /127.0.0.1:52003" [_thread_in_native, id=6168, stack(0x000000001a230000,0x000000001a330000)]
  0x0000000017a5f800 JavaThread "Daemon" [_thread_blocked, id=5916, stack(0x000000001a130000,0x000000001a230000)]
  0x00000000185ba000 JavaThread "Daemon periodic checks" [_thread_blocked, id=13512, stack(0x000000001a030000,0x000000001a130000)]
  0x00000000185c0000 JavaThread "Incoming local TCP Connector on port 52002" [_thread_in_native, id=4668, stack(0x0000000019df0000,0x0000000019ef0000)]
  0x0000000017981000 JavaThread "Daemon health stats" [_thread_blocked, id=5992, stack(0x00000000197b0000,0x00000000198b0000)]
  0x00000000178fd800 JavaThread "Service Thread" daemon [_thread_blocked, id=11160, stack(0x0000000017de0000,0x0000000017ee0000)]
  0x00000000178e8800 JavaThread "C1 CompilerThread2" daemon [_thread_blocked, id=5708, stack(0x0000000017ce0000,0x0000000017de0000)]
  0x0000000016061800 JavaThread "C2 CompilerThread1" daemon [_thread_in_native, id=10388, stack(0x00000000177e0000,0x00000000178e0000)]
=>0x000000001605c000 JavaThread "C2 CompilerThread0" daemon [_thread_in_native, id=3552, stack(0x00000000176e0000,0x00000000177e0000)]
  0x0000000016059800 JavaThread "Attach Listener" daemon [_thread_blocked, id=9932, stack(0x00000000175e0000,0x00000000176e0000)]
  0x0000000016058800 JavaThread "Signal Dispatcher" daemon [_thread_blocked, id=10860, stack(0x00000000174e0000,0x00000000175e0000)]
  0x00000000026ea800 JavaThread "Finalizer" daemon [_thread_blocked, id=12008, stack(0x00000000172e0000,0x00000000173e0000)]
  0x0000000016049000 JavaThread "Reference Handler" daemon [_thread_blocked, id=2168, stack(0x00000000171e0000,0x00000000172e0000)]
  0x00000000024ce000 JavaThread "main" [_thread_blocked, id=8000, stack(0x00000000024d0000,0x00000000025d0000)]

Other Threads:
  0x0000000016027000 VMThread [stack: 0x00000000170e0000,0x00000000171e0000] [id=1912]
  0x00000000178ff000 WatcherThread [stack: 0x0000000017ee0000,0x0000000017fe0000] [id=11628]

VM state:not at safepoint (normal execution)

VM Mutex/Monitor currently owned by a thread: None

heap address: 0x00000000a0000000, size: 1536 MB, Compressed Oops mode: 32-bit
Narrow klass base: 0x0000000000000000, Narrow klass shift: 3
Compressed class space size: 1073741824 Address: 0x0000000100000000

Heap:
 PSYoungGen      total 126464K, used 39299K [0x00000000e0000000, 0x00000000e8d00000, 0x0000000100000000)
  eden space 115712K, 24% used [0x00000000e0000000,0x00000000e1be1c48,0x00000000e7100000)
  from space 10752K, 99% used [0x00000000e7100000,0x00000000e7b7f310,0x00000000e7b80000)
  to   space 14336K, 0% used [0x00000000e7f00000,0x00000000e7f00000,0x00000000e8d00000)
 ParOldGen       total 88576K, used 23502K [0x00000000a0000000, 0x00000000a5680000, 0x00000000e0000000)
  object space 88576K, 26% used [0x00000000a0000000,0x00000000a16f3968,0x00000000a5680000)
 Metaspace       used 50284K, capacity 51902K, committed 52008K, reserved 1093632K
  class space    used 6725K, capacity 7167K, committed 7208K, reserved 1048576K

Card table byte_map: [0x0000000011ab0000,0x0000000011dc0000] byte_map_base: 0x00000000115b0000

Marking Bits: (ParMarkBitMap*) 0x000000006d479f30
 Begin Bits: [0x00000000123c0000, 0x0000000013bc0000)
 End Bits:   [0x0000000013bc0000, 0x00000000153c0000)

Polling page: 0x0000000000740000

CodeCache: size=245760Kb used=16217Kb max_used=16217Kb free=229542Kb
 bounds [0x00000000026f0000, 0x00000000036e0000, 0x00000000116f0000]
 total_blobs=5321 nmethods=4554 adapters=680
 compilation: enabled

Compilation events (10 events):
Event: 31.643 Thread 0x00000000178e8800 4900       3       sun.reflect.generics.parser.SignatureParser::parseZeroOrMoreThrowsSignatures (51 bytes)
Event: 31.644 Thread 0x00000000178e8800 nmethod 4900 0x00000000036ce510 code [0x00000000036ce720, 0x00000000036cf1e8]
Event: 31.674 Thread 0x00000000178e8800 4901       3       com.google.common.reflect.TypeToken$SimpleTypeToken::<init> (7 bytes)
Event: 31.675 Thread 0x00000000178e8800 nmethod 4901 0x00000000036cf690 code [0x00000000036cf820, 0x00000000036cfc68]
Event: 31.675 Thread 0x00000000178e8800 4902       3       com.google.common.reflect.TypeToken::<init> (6 bytes)
Event: 31.675 Thread 0x00000000178e8800 nmethod 4902 0x00000000036cff10 code [0x00000000036d00a0, 0x00000000036d0488]
Event: 31.675 Thread 0x00000000178e8800 4903       3       com.google.common.reflect.TypeToken::<init> (16 bytes)
Event: 31.676 Thread 0x00000000178e8800 nmethod 4903 0x00000000036d06d0 code [0x00000000036d0860, 0x00000000036d0be8]
Event: 31.676 Thread 0x00000000178e8800 4904       3       java.util.LinkedHashMap$LinkedEntrySet::size (8 bytes)
Event: 31.676 Thread 0x00000000178e8800 nmethod 4904 0x00000000036d0d90 code [0x00000000036d0ee0, 0x00000000036d1030]

GC Heap History (10 events):
Event: 16.347 GC heap before
{Heap before GC invocations=11 (full 1):
 PSYoungGen      total 67584K, used 63779K [0x00000000e0000000, 0x00000000e6480000, 0x0000000100000000)
  eden space 56832K, 100% used [0x00000000e0000000,0x00000000e3780000,0x00000000e3780000)
  from space 10752K, 64% used [0x00000000e3780000,0x00000000e3e48f08,0x00000000e4200000)
  to   space 10752K, 0% used [0x00000000e5a00000,0x00000000e5a00000,0x00000000e6480000)
 ParOldGen       total 51712K, used 7957K [0x00000000a0000000, 0x00000000a3280000, 0x00000000e0000000)
  object space 51712K, 15% used [0x00000000a0000000,0x00000000a07c55e8,0x00000000a3280000)
 Metaspace       used 32653K, capacity 33412K, committed 33664K, reserved 1079296K
  class space    used 4429K, capacity 4652K, committed 4736K, reserved 1048576K
Event: 16.363 GC heap after
Heap after GC invocations=11 (full 1):
 PSYoungGen      total 92160K, used 6554K [0x00000000e0000000, 0x00000000e6400000, 0x0000000100000000)
  eden space 81920K, 0% used [0x00000000e0000000,0x00000000e0000000,0x00000000e5000000)
  from space 10240K, 64% used [0x00000000e5a00000,0x00000000e6066ab8,0x00000000e6400000)
  to   space 10240K, 0% used [0x00000000e5000000,0x00000000e5000000,0x00000000e5a00000)
 ParOldGen       total 51712K, used 10417K [0x00000000a0000000, 0x00000000a3280000, 0x00000000e0000000)
  object space 51712K, 20% used [0x00000000a0000000,0x00000000a0a2c618,0x00000000a3280000)
 Metaspace       used 32653K, capacity 33412K, committed 33664K, reserved 1079296K
  class space    used 4429K, capacity 4652K, committed 4736K, reserved 1048576K
}
Event: 17.287 GC heap before
{Heap before GC invocations=12 (full 1):
 PSYoungGen      total 92160K, used 56352K [0x00000000e0000000, 0x00000000e6400000, 0x0000000100000000)
  eden space 81920K, 60% used [0x00000000e0000000,0x00000000e30a1688,0x00000000e5000000)
  from space 10240K, 64% used [0x00000000e5a00000,0x00000000e6066ab8,0x00000000e6400000)
  to   space 10240K, 0% used [0x00000000e5000000,0x00000000e5000000,0x00000000e5a00000)
 ParOldGen       total 51712K, used 10417K [0x00000000a0000000, 0x00000000a3280000, 0x00000000e0000000)
  object space 51712K, 20% used [0x00000000a0000000,0x00000000a0a2c618,0x00000000a3280000)
 Metaspace       used 34654K, capacity 35424K, committed 35496K, reserved 1079296K
  class space    used 4774K, capacity 4997K, committed 5032K, reserved 1048576K
Event: 17.305 GC heap after
Heap after GC invocations=12 (full 1):
 PSYoungGen      total 92160K, used 4237K [0x00000000e0000000, 0x00000000e8700000, 0x0000000100000000)
  eden space 81920K, 0% used [0x00000000e0000000,0x00000000e0000000,0x00000000e5000000)
  from space 10240K, 41% used [0x00000000e5000000,0x00000000e54234b0,0x00000000e5a00000)
  to   space 10240K, 0% used [0x00000000e7d00000,0x00000000e7d00000,0x00000000e8700000)
 ParOldGen       total 51712K, used 14760K [0x00000000a0000000, 0x00000000a3280000, 0x00000000e0000000)
  object space 51712K, 28% used [0x00000000a0000000,0x00000000a0e6a0b8,0x00000000a3280000)
 Metaspace       used 34654K, capacity 35424K, committed 35496K, reserved 1079296K
  class space    used 4774K, capacity 4997K, committed 5032K, reserved 1048576K
}
Event: 17.305 GC heap before
{Heap before GC invocations=13 (full 2):
 PSYoungGen      total 92160K, used 4237K [0x00000000e0000000, 0x00000000e8700000, 0x0000000100000000)
  eden space 81920K, 0% used [0x00000000e0000000,0x00000000e0000000,0x00000000e5000000)
  from space 10240K, 41% used [0x00000000e5000000,0x00000000e54234b0,0x00000000e5a00000)
  to   space 10240K, 0% used [0x00000000e7d00000,0x00000000e7d00000,0x00000000e8700000)
 ParOldGen       total 51712K, used 14760K [0x00000000a0000000, 0x00000000a3280000, 0x00000000e0000000)
  object space 51712K, 28% used [0x00000000a0000000,0x00000000a0e6a0b8,0x00000000a3280000)
 Metaspace       used 34654K, capacity 35424K, committed 35496K, reserved 1079296K
  class space    used 4774K, capacity 4997K, committed 5032K, reserved 1048576K
Event: 17.581 GC heap after
Heap after GC invocations=13 (full 2):
 PSYoungGen      total 92160K, used 0K [0x00000000e0000000, 0x00000000e8700000, 0x0000000100000000)
  eden space 81920K, 0% used [0x00000000e0000000,0x00000000e0000000,0x00000000e5000000)
  from space 10240K, 0% used [0x00000000e5000000,0x00000000e5000000,0x00000000e5a00000)
  to   space 10240K, 0% used [0x00000000e7d00000,0x00000000e7d00000,0x00000000e8700000)
 ParOldGen       total 88576K, used 18251K [0x00000000a0000000, 0x00000000a5680000, 0x00000000e0000000)
  object space 88576K, 20% used [0x00000000a0000000,0x00000000a11d2d40,0x00000000a5680000)
 Metaspace       used 34654K, capacity 35424K, committed 35496K, reserved 1079296K
  class space    used 4774K, capacity 4997K, committed 5032K, reserved 1048576K
}
Event: 26.653 GC heap before
{Heap before GC invocations=14 (full 2):
 PSYoungGen      total 92160K, used 81920K [0x00000000e0000000, 0x00000000e8700000, 0x0000000100000000)
  eden space 81920K, 100% used [0x00000000e0000000,0x00000000e5000000,0x00000000e5000000)
  from space 10240K, 0% used [0x00000000e5000000,0x00000000e5000000,0x00000000e5a00000)
  to   space 10240K, 0% used [0x00000000e7d00000,0x00000000e7d00000,0x00000000e8700000)
 ParOldGen       total 88576K, used 18251K [0x00000000a0000000, 0x00000000a5680000, 0x00000000e0000000)
  object space 88576K, 20% used [0x00000000a0000000,0x00000000a11d2d40,0x00000000a5680000)
 Metaspace       used 41168K, capacity 42362K, committed 42536K, reserved 1085440K
  class space    used 5587K, capacity 5920K, committed 5928K, reserved 1048576K
Event: 26.733 GC heap after
Heap after GC invocations=14 (full 2):
 PSYoungGen      total 107520K, used 8816K [0x00000000e0000000, 0x00000000e8600000, 0x0000000100000000)
  eden space 98304K, 0% used [0x00000000e0000000,0x00000000e0000000,0x00000000e6000000)
  from space 9216K, 95% used [0x00000000e7d00000,0x00000000e859c008,0x00000000e8600000)
  to   space 10752K, 0% used [0x00000000e7100000,0x00000000e7100000,0x00000000e7b80000)
 ParOldGen       total 88576K, used 18259K [0x00000000a0000000, 0x00000000a5680000, 0x00000000e0000000)
  object space 88576K, 20% used [0x00000000a0000000,0x00000000a11d4d40,0x00000000a5680000)
 Metaspace       used 41168K, capacity 42362K, committed 42536K, reserved 1085440K
  class space    used 5587K, capacity 5920K, committed 5928K, reserved 1048576K
}
Event: 31.023 GC heap before
{Heap before GC invocations=15 (full 2):
 PSYoungGen      total 107520K, used 107120K [0x00000000e0000000, 0x00000000e8600000, 0x0000000100000000)
  eden space 98304K, 100% used [0x00000000e0000000,0x00000000e6000000,0x00000000e6000000)
  from space 9216K, 95% used [0x00000000e7d00000,0x00000000e859c008,0x00000000e8600000)
  to   space 10752K, 0% used [0x00000000e7100000,0x00000000e7100000,0x00000000e7b80000)
 ParOldGen       total 88576K, used 18259K [0x00000000a0000000, 0x00000000a5680000, 0x00000000e0000000)
  object space 88576K, 20% used [0x00000000a0000000,0x00000000a11d4d40,0x00000000a5680000)
 Metaspace       used 49579K, capacity 50972K, committed 51368K, reserved 1093632K
  class space    used 6604K, capacity 6988K, committed 7080K, reserved 1048576K
Event: 31.046 GC heap after
Heap after GC invocations=15 (full 2):
 PSYoungGen      total 126464K, used 10748K [0x00000000e0000000, 0x00000000e8d00000, 0x0000000100000000)
  eden space 115712K, 0% used [0x00000000e0000000,0x00000000e0000000,0x00000000e7100000)
  from space 10752K, 99% used [0x00000000e7100000,0x00000000e7b7f310,0x00000000e7b80000)
  to   space 14336K, 0% used [0x00000000e7f00000,0x00000000e7f00000,0x00000000e8d00000)
 ParOldGen       total 88576K, used 23502K [0x00000000a0000000, 0x00000000a5680000, 0x00000000e0000000)
  object space 88576K, 26% used [0x00000000a0000000,0x00000000a16f3968,0x00000000a5680000)
 Metaspace       used 49579K, capacity 50972K, committed 51368K, reserved 1093632K
  class space    used 6604K, capacity 6988K, committed 7080K, reserved 1048576K
}

Deoptimization events (10 events):
Event: 30.413 Thread 0x0000000016096000 Uncommon trap: reason=speculate_class_check action=maybe_recompile pc=0x0000000003271ee8 method=com.google.common.collect.AbstractIndexedListIterator.next()Ljava/lang/Object; @ 27
Event: 30.413 Thread 0x0000000016096000 Uncommon trap: reason=speculate_class_check action=maybe_recompile pc=0x0000000003271ee8 method=com.google.common.collect.AbstractIndexedListIterator.next()Ljava/lang/Object; @ 27
Event: 30.413 Thread 0x0000000016096000 Uncommon trap: reason=speculate_class_check action=maybe_recompile pc=0x0000000003271ee8 method=com.google.common.collect.AbstractIndexedListIterator.next()Ljava/lang/Object; @ 27
Event: 30.455 Thread 0x0000000016096000 Uncommon trap: reason=unstable_if action=reinterpret pc=0x0000000003454170 method=org.gradle.internal.instantiation.AbstractClassGenerator$InjectionAnnotationValidator.validateMethod(Ljava/lang/reflect/Method;Lorg/gradle/internal/reflect/PropertyAccessorT
Event: 30.455 Thread 0x0000000016096000 Uncommon trap: reason=unstable_if action=reinterpret pc=0x00000000034680b8 method=org.gradle.internal.instantiation.AbstractClassGenerator$InjectionAnnotationValidator.validateMethod(Ljava/lang/reflect/Method;Lorg/gradle/internal/reflect/PropertyAccessorT
Event: 30.807 Thread 0x0000000016096000 Uncommon trap: reason=unstable_if action=reinterpret pc=0x0000000002eb6664 method=java.lang.String.lastIndexOf([CII[CIII)I @ 17
Event: 30.807 Thread 0x0000000016096000 Uncommon trap: reason=unstable_if action=reinterpret pc=0x0000000002e45094 method=sun.net.www.protocol.jar.Handler.parseURL(Ljava/net/URL;Ljava/lang/String;II)V @ 94
Event: 30.967 Thread 0x0000000016096000 Uncommon trap: reason=unstable_if action=reinterpret pc=0x00000000031c4958 method=groovy.lang.MetaClassImpl$1MOPIter.methodNameAction(Ljava/lang/Class;Lorg/codehaus/groovy/runtime/metaclass/MetaMethodIndex$Entry;)V @ 182
Event: 31.016 Thread 0x0000000016096000 Uncommon trap: reason=unstable_if action=reinterpret pc=0x0000000002ececec method=java.util.WeakHashMap.put(Ljava/lang/Object;Ljava/lang/Object;)Ljava/lang/Object; @ 59
Event: 31.622 Thread 0x0000000016096000 Uncommon trap: reason=unstable_if action=reinterpret pc=0x00000000034690ec method=org.objectweb.asm.ByteVector.putInt(I)Lorg/objectweb/asm/ByteVector; @ 13

Classes redefined (0 events):
No events

Internal exceptions (10 events):
Event: 31.329 Thread 0x0000000016096000 Exception <a 'java/lang/ClassNotFoundException': org/gradle/api/internal/file/CompositeFileTreeCustomizer> (0x00000000e1181f18) thrown at [D:\src\AOSP-openjdk-cygwin\jdk8u\hotspot\src\share\vm\classfile\systemDictionary.cpp, line 210]
Event: 31.330 Thread 0x0000000016096000 Exception <a 'java/lang/ClassNotFoundException': org/gradle/api/internal/file/collections/DefaultConfigurableFileTreeCustomizer> (0x00000000e11d9da0) thrown at [D:\src\AOSP-openjdk-cygwin\jdk8u\hotspot\src\share\vm\classfile\systemDictionary.cpp, line 210
Event: 31.334 Thread 0x0000000016096000 Exception <a 'java/lang/ClassNotFoundException': org/gradle/api/plugins/internal/DefaultBasePluginConventionBeanInfo> (0x00000000e1296028) thrown at [D:\src\AOSP-openjdk-cygwin\jdk8u\hotspot\src\share\vm\classfile\systemDictionary.cpp, line 210]
Event: 31.336 Thread 0x0000000016096000 Exception <a 'java/lang/ClassNotFoundException': org/gradle/api/plugins/BasePluginConventionBeanInfo> (0x00000000e12e13b0) thrown at [D:\src\AOSP-openjdk-cygwin\jdk8u\hotspot\src\share\vm\classfile\systemDictionary.cpp, line 210]
Event: 31.337 Thread 0x0000000016096000 Exception <a 'java/lang/ClassNotFoundException': org/gradle/api/plugins/BasePluginConventionCustomizer> (0x00000000e132dad0) thrown at [D:\src\AOSP-openjdk-cygwin\jdk8u\hotspot\src\share\vm\classfile\systemDictionary.cpp, line 210]
Event: 31.339 Thread 0x0000000016096000 Exception <a 'java/lang/ClassNotFoundException': org/gradle/api/plugins/internal/DefaultBasePluginConventionCustomizer> (0x00000000e139af88) thrown at [D:\src\AOSP-openjdk-cygwin\jdk8u\hotspot\src\share\vm\classfile\systemDictionary.cpp, line 210]
Event: 31.343 Thread 0x0000000016096000 Exception <a 'java/lang/ClassNotFoundException': org/gradle/api/plugins/internal/DefaultJavaPluginConventionBeanInfo> (0x00000000e1449a80) thrown at [D:\src\AOSP-openjdk-cygwin\jdk8u\hotspot\src\share\vm\classfile\systemDictionary.cpp, line 210]
Event: 31.345 Thread 0x0000000016096000 Exception <a 'java/lang/ClassNotFoundException': org/gradle/api/plugins/JavaPluginConventionBeanInfo> (0x00000000e1494d88) thrown at [D:\src\AOSP-openjdk-cygwin\jdk8u\hotspot\src\share\vm\classfile\systemDictionary.cpp, line 210]
Event: 31.347 Thread 0x0000000016096000 Exception <a 'java/lang/ClassNotFoundException': org/gradle/api/plugins/JavaPluginConventionCustomizer> (0x00000000e14e14a8) thrown at [D:\src\AOSP-openjdk-cygwin\jdk8u\hotspot\src\share\vm\classfile\systemDictionary.cpp, line 210]
Event: 31.351 Thread 0x0000000016096000 Exception <a 'java/lang/ClassNotFoundException': org/gradle/api/plugins/internal/DefaultJavaPluginConventionCustomizer> (0x00000000e155a898) thrown at [D:\src\AOSP-openjdk-cygwin\jdk8u\hotspot\src\share\vm\classfile\systemDictionary.cpp, line 210]

Events (10 events):
Event: 31.648 loading class org/gradle/api/attributes/Usage
Event: 31.649 loading class org/gradle/api/attributes/Usage done
Event: 31.673 loading class org/gradle/api/attributes/Usage
Event: 31.673 loading class org/gradle/api/attributes/Usage done
Event: 31.676 loading class com/android/build/gradle/internal/dependency/AarToClassTransform$Params
Event: 31.676 loading class com/android/build/gradle/internal/dependency/AarToClassTransform$Params done
Event: 31.695 loading class org/gradle/api/Action
Event: 31.695 loading class org/gradle/api/Action done
Event: 31.697 Thread 0x0000000016096000 DEOPT PACKING pc=0x00000000033748f1 sp=0x000000001a729790
Event: 31.697 Thread 0x0000000016096000 DEOPT UNPACKING pc=0x00000000027375d0 sp=0x000000001a7294f0 mode 0


Dynamic libraries:
0x00007ff6acea0000 - 0x00007ff6aced1000 	C:\Program Files\Android\Android Studio\jre\bin\java.exe
0x00007ffe798a0000 - 0x00007ffe79a90000 	C:\WINDOWS\SYSTEM32\ntdll.dll
0x00007ffe797a0000 - 0x00007ffe79852000 	C:\WINDOWS\System32\KERNEL32.DLL
0x00007ffe77420000 - 0x00007ffe776c3000 	C:\WINDOWS\System32\KERNELBASE.dll
0x00007ffe77dd0000 - 0x00007ffe77e73000 	C:\WINDOWS\System32\ADVAPI32.dll
0x00007ffe788a0000 - 0x00007ffe7893e000 	C:\WINDOWS\System32\msvcrt.dll
0x00007ffe77ab0000 - 0x00007ffe77b47000 	C:\WINDOWS\System32\sechost.dll
0x00007ffe792a0000 - 0x00007ffe793c0000 	C:\WINDOWS\System32\RPCRT4.dll
0x00007ffe78f70000 - 0x00007ffe79104000 	C:\WINDOWS\System32\USER32.dll
0x00007ffe77920000 - 0x00007ffe77941000 	C:\WINDOWS\System32\win32u.dll
0x00007ffe79700000 - 0x00007ffe79726000 	C:\WINDOWS\System32\GDI32.dll
0x00007ffe76970000 - 0x00007ffe76b04000 	C:\WINDOWS\System32\gdi32full.dll
0x00007ffe76830000 - 0x00007ffe768ce000 	C:\WINDOWS\System32\msvcp_win.dll
0x00007ffe76b10000 - 0x00007ffe76c0a000 	C:\WINDOWS\System32\ucrtbase.dll
0x00007ffe669d0000 - 0x00007ffe66c55000 	C:\WINDOWS\WinSxS\amd64_microsoft.windows.common-controls_6595b64144ccf1df_6.0.18362.778_none_e6c6b761130d4fb8\COMCTL32.dll
0x00007ffe793c0000 - 0x00007ffe796f6000 	C:\WINDOWS\System32\combase.dll
0x00007ffe768f0000 - 0x00007ffe76970000 	C:\WINDOWS\System32\bcryptPrimitives.dll
0x00007ffe791f0000 - 0x00007ffe7921e000 	C:\WINDOWS\System32\IMM32.DLL
0x000000006caf0000 - 0x000000006cbc2000 	C:\Program Files\Android\Android Studio\jre\jre\bin\msvcr100.dll
0x000000006ccb0000 - 0x000000006d4f6000 	C:\Program Files\Android\Android Studio\jre\jre\bin\server\jvm.dll
0x00007ffe79290000 - 0x00007ffe79298000 	C:\WINDOWS\System32\PSAPI.DLL
0x00007ffe65630000 - 0x00007ffe65639000 	C:\WINDOWS\SYSTEM32\WSOCK32.dll
0x00007ffe78db0000 - 0x00007ffe78e1f000 	C:\WINDOWS\System32\WS2_32.dll
0x00007ffe737e0000 - 0x00007ffe73804000 	C:\WINDOWS\SYSTEM32\WINMM.dll
0x00007ffe737b0000 - 0x00007ffe737dd000 	C:\WINDOWS\SYSTEM32\WINMMBASE.dll
0x00007ffe77820000 - 0x00007ffe7786a000 	C:\WINDOWS\System32\cfgmgr32.dll
0x00007ffe66c70000 - 0x00007ffe66c7a000 	C:\WINDOWS\SYSTEM32\VERSION.dll
0x00007ffe6fed0000 - 0x00007ffe6fedf000 	C:\Program Files\Android\Android Studio\jre\jre\bin\verify.dll
0x00007ffe54300000 - 0x00007ffe54329000 	C:\Program Files\Android\Android Studio\jre\jre\bin\java.dll
0x00007ffe599b0000 - 0x00007ffe599c6000 	C:\Program Files\Android\Android Studio\jre\jre\bin\zip.dll
0x00007ffe77f30000 - 0x00007ffe78615000 	C:\WINDOWS\System32\SHELL32.dll
0x00007ffe77e80000 - 0x00007ffe77f29000 	C:\WINDOWS\System32\shcore.dll
0x00007ffe76ca0000 - 0x00007ffe77420000 	C:\WINDOWS\System32\windows.storage.dll
0x00007ffe76800000 - 0x00007ffe76823000 	C:\WINDOWS\System32\profapi.dll
0x00007ffe76770000 - 0x00007ffe767ba000 	C:\WINDOWS\System32\powrprof.dll
0x00007ffe76760000 - 0x00007ffe76770000 	C:\WINDOWS\System32\UMPDC.dll
0x00007ffe79190000 - 0x00007ffe791e2000 	C:\WINDOWS\System32\shlwapi.dll
0x00007ffe767c0000 - 0x00007ffe767d1000 	C:\WINDOWS\System32\kernel.appcore.dll
0x00007ffe768d0000 - 0x00007ffe768e7000 	C:\WINDOWS\System32\cryptsp.dll
0x00007ffe587b0000 - 0x00007ffe587ca000 	C:\Program Files\Android\Android Studio\jre\jre\bin\net.dll
0x00007ffe622e0000 - 0x00007ffe624b5000 	C:\WINDOWS\SYSTEM32\urlmon.dll
0x00007ffe628e0000 - 0x00007ffe62b86000 	C:\WINDOWS\SYSTEM32\iertutil.dll
0x00007ffe76140000 - 0x00007ffe7614c000 	C:\WINDOWS\SYSTEM32\CRYPTBASE.DLL
0x00007ffe75f70000 - 0x00007ffe75fd7000 	C:\WINDOWS\system32\mswsock.dll
0x00007ffe54c00000 - 0x00007ffe54c13000 	C:\Program Files\Android\Android Studio\jre\jre\bin\nio.dll
0x00007ffe696a0000 - 0x00007ffe696c6000 	C:\Users\Abhishek\.gradle\native\30\windows-amd64\native-platform.dll
0x00007ffe61f50000 - 0x00007ffe61f5d000 	C:\Program Files\Android\Android Studio\jre\jre\bin\management.dll
0x00007ffe75ae0000 - 0x00007ffe75b13000 	C:\WINDOWS\system32\rsaenh.dll
0x00007ffe76c10000 - 0x00007ffe76c36000 	C:\WINDOWS\System32\bcrypt.dll
0x00007ffe76680000 - 0x00007ffe766a5000 	C:\WINDOWS\SYSTEM32\USERENV.dll
0x00007ffe75c80000 - 0x00007ffe75cba000 	C:\WINDOWS\SYSTEM32\IPHLPAPI.DLL
0x00007ffe78e20000 - 0x00007ffe78e28000 	C:\WINDOWS\System32\NSI.dll
0x00007ffe6ad10000 - 0x00007ffe6ad26000 	C:\WINDOWS\SYSTEM32\dhcpcsvc6.DLL
0x00007ffe6f5f0000 - 0x00007ffe6f60c000 	C:\WINDOWS\SYSTEM32\dhcpcsvc.DLL
0x00007ffe75cd0000 - 0x00007ffe75d9a000 	C:\WINDOWS\SYSTEM32\DNSAPI.dll

VM Arguments:
jvm_args: -Xmx1536m -Dfile.encoding=windows-1252 -Duser.country=IN -Duser.language=en -Duser.variant 
java_command: org.gradle.launcher.daemon.bootstrap.GradleDaemon 5.6.4
java_class_path (initial): C:\Users\Abhishek\.gradle\wrapper\dists\gradle-5.6.4-all\ankdp27end7byghfw1q2sw75f\gradle-5.6.4\lib\gradle-launcher-5.6.4.jar
Launcher Type: SUN_STANDARD

Environment Variables:
PATH=C:\WINDOWS\system32;C:\WINDOWS;C:\WINDOWS\System32\Wbem;C:\WINDOWS\System32\WindowsPowerShell\v1.0\;C:\WINDOWS\System32\OpenSSH\;C:\Program Files\nodejs\;C:\Program Files\Git\cmd;C:\Users\Abhishek\AppData\Local\Microsoft\WindowsApps;C:\Users\Abhishek\AppData\Roaming\npm;
USERNAME=Abhishek
OS=Windows_NT
PROCESSOR_IDENTIFIER=Intel64 Family 6 Model 78 Stepping 3, GenuineIntel



---------------  S Y S T E M  ---------------

OS: Windows 10.0 , 64 bit Build 18362 (10.0.18362.778)

CPU:total 4 (initial active 4) (2 cores per cpu, 2 threads per core) family 6 model 78 stepping 3, cmov, cx8, fxsr, mmx, sse, sse2, sse3, ssse3, sse4.1, sse4.2, popcnt, avx, avx2, aes, clmul, erms, 3dnowpref, lzcnt, ht, tsc, tscinvbit, bmi1, bmi2, adx

Memory: 4k page, physical 8251176k(825900k free), swap 33417000k(2988k free)

vm_info: OpenJDK 64-Bit Server VM (25.212-b04) for windows-amd64 JRE (1.8.0_212-release-1586-b04), built by "builder" with MS VC++ 10.0 (VS2010)

time: Mon May 25 21:25:14 2020
timezone: India Standard Time
elapsed time: 31 seconds (0d 0h 0m 31s)

