#
# There is insufficient memory for the Java Runtime Environment to continue.
# Native memory allocation (malloc) failed to allocate 1100416 bytes for Chunk::new
# Possible reasons:
#   The system is out of physical RAM or swap space
#   The process is running with CompressedOops enabled, and the Java Heap may be blocking the growth of the native heap
# Possible solutions:
#   Reduce memory load on the system
#   Increase physical memory or swap space
#   Check if swap backing store is full
#   Decrease Java heap size (-Xmx/-Xms)
#   Decrease number of Java threads
#   Decrease Java thread stack sizes (-Xss)
#   Set larger code cache with -XX:ReservedCodeCacheSize=
#   JVM is running with Unscaled Compressed Oops mode in which the Java heap is
#     placed in the first 4GB address space. The Java Heap base address is the
#     maximum limit for the native heap growth. Please use -XX:HeapBaseMinAddress
#     to set the Java Heap base and to place the Java Heap above 4GB virtual address.
# This output file may be truncated or incomplete.
#
#  Out of Memory Error (allocation.cpp:389), pid=12736, tid=0x00000000000011d4
#
# JRE version: OpenJDK Runtime Environment (8.0_212-b04) (build 1.8.0_212-release-1586-b04)
# Java VM: OpenJDK 64-Bit Server VM (25.212-b04 mixed mode windows-amd64 compressed oops)
# Failed to write core dump. Minidumps are not enabled by default on client versions of Windows
#

---------------  T H R E A D  ---------------

Current thread (0x00000000167fc000):  JavaThread "C2 CompilerThread0" daemon [_thread_in_native, id=4564, stack(0x0000000017e50000,0x0000000017f50000)]

Stack: [0x0000000017e50000,0x0000000017f50000]
[error occurred during error reporting (printing stack bounds), id 0xc0000005]

Native frames: (J=compiled Java code, j=interpreted, Vv=VM code, C=native code)


Current CompileTask:
C2:   3372 1443       4       java.net.URLClassLoader$1::run (5 bytes)


---------------  P R O C E S S  ---------------

Java Threads: ( => current thread )
  0x00000000189ff000 JavaThread "Cache worker for journal cache (C:\Users\Abhishek\.gradle\caches\journal-1)" [_thread_blocked, id=9288, stack(0x000000001c570000,0x000000001c670000)]
  0x00000000189fd800 JavaThread "File lock request listener" [_thread_in_native, id=952, stack(0x000000001c470000,0x000000001c570000)]
  0x0000000018a00800 JavaThread "Cache worker for file hash cache (C:\Users\Abhishek\.gradle\caches\5.6.4\fileHashes)" [_thread_blocked, id=2928, stack(0x000000001c370000,0x000000001c470000)]
  0x000000001a328800 JavaThread "Thread-9" [_thread_blocked, id=5080, stack(0x000000001c070000,0x000000001c170000)]
  0x000000001a355000 JavaThread "Stdin handler" [_thread_blocked, id=10460, stack(0x000000001bf70000,0x000000001c070000)]
  0x000000001a327000 JavaThread "Asynchronous log dispatcher for DefaultDaemonConnection: socket connection from /127.0.0.1:52023 to /127.0.0.1:52024" [_thread_blocked, id=12984, stack(0x000000001be70000,0x000000001bf70000)]
  0x000000001a32b000 JavaThread "Daemon worker" [_thread_in_vm, id=12576, stack(0x000000001bd70000,0x000000001be70000)]
  0x000000001a360000 JavaThread "Cancel handler" [_thread_blocked, id=13764, stack(0x000000001bc70000,0x000000001bd70000)]
  0x000000001a2c1800 JavaThread "Handler for socket connection from /127.0.0.1:52023 to /127.0.0.1:52024" [_thread_in_native, id=2916, stack(0x000000001b970000,0x000000001ba70000)]
  0x000000001a2bf000 JavaThread "Daemon" [_thread_blocked, id=10276, stack(0x000000001b870000,0x000000001b970000)]
  0x000000001a2b5800 JavaThread "Daemon periodic checks" [_thread_blocked, id=9592, stack(0x000000001b770000,0x000000001b870000)]
  0x000000001a289800 JavaThread "Incoming local TCP Connector on port 52023" [_thread_in_native, id=5276, stack(0x000000001b530000,0x000000001b630000)]
  0x000000001849e000 JavaThread "Daemon health stats" [_thread_blocked, id=1372, stack(0x000000001aef0000,0x000000001aff0000)]
  0x0000000018178800 JavaThread "Service Thread" daemon [_thread_blocked, id=932, stack(0x0000000018550000,0x0000000018650000)]
  0x0000000016807800 JavaThread "C1 CompilerThread2" daemon [_thread_blocked, id=11124, stack(0x0000000018050000,0x0000000018150000)]
  0x0000000016801800 JavaThread "C2 CompilerThread1" daemon [_thread_blocked, id=7556, stack(0x0000000017f50000,0x0000000018050000)]
=>0x00000000167fc000 JavaThread "C2 CompilerThread0" daemon [_thread_in_native, id=4564, stack(0x0000000017e50000,0x0000000017f50000)]
  0x00000000167f9800 JavaThread "Attach Listener" daemon [_thread_blocked, id=4624, stack(0x0000000017d50000,0x0000000017e50000)]
  0x00000000167f8800 JavaThread "Signal Dispatcher" daemon [_thread_blocked, id=4044, stack(0x0000000017c50000,0x0000000017d50000)]
  0x0000000002e8a800 JavaThread "Finalizer" daemon [_thread_blocked, id=10256, stack(0x0000000017a50000,0x0000000017b50000)]
  0x00000000167e9000 JavaThread "Reference Handler" daemon [_thread_blocked, id=6072, stack(0x0000000017950000,0x0000000017a50000)]
  0x0000000002c8e000 JavaThread "main" [_thread_blocked, id=10836, stack(0x0000000002c90000,0x0000000002d90000)]

Other Threads:
  0x00000000167c6000 VMThread [stack: 0x0000000017850000,0x0000000017950000] [id=1700]
  0x000000001685e000 WatcherThread [stack: 0x0000000018650000,0x0000000018750000] [id=4836]

VM state:not at safepoint (normal execution)

VM Mutex/Monitor currently owned by a thread: None

heap address: 0x00000000a0000000, size: 1536 MB, Compressed Oops mode: 32-bit
Narrow klass base: 0x0000000000000000, Narrow klass shift: 3
Compressed class space size: 1073741824 Address: 0x0000000100000000

Heap:
 PSYoungGen      total 37888K, used 10499K [0x00000000e0000000, 0x00000000e2a00000, 0x0000000100000000)
  eden space 32768K, 16% used [0x00000000e0000000,0x00000000e0548d78,0x00000000e2000000)
  from space 5120K, 99% used [0x00000000e2500000,0x00000000e29f8020,0x00000000e2a00000)
  to   space 5120K, 0% used [0x00000000e2000000,0x00000000e2000000,0x00000000e2500000)
 ParOldGen       total 86016K, used 3745K [0x00000000a0000000, 0x00000000a5400000, 0x00000000e0000000)
  object space 86016K, 4% used [0x00000000a0000000,0x00000000a03a8600,0x00000000a5400000)
 Metaspace       used 14794K, capacity 15138K, committed 15360K, reserved 1062912K
  class space    used 2077K, capacity 2193K, committed 2304K, reserved 1048576K

Card table byte_map: [0x0000000012250000,0x0000000012560000] byte_map_base: 0x0000000011d50000

Marking Bits: (ParMarkBitMap*) 0x000000006d479f30
 Begin Bits: [0x0000000012b60000, 0x0000000014360000)
 End Bits:   [0x0000000014360000, 0x0000000015b60000)

Polling page: 0x0000000002bf0000

CodeCache: size=245760Kb used=5220Kb max_used=5220Kb free=240539Kb
 bounds [0x0000000002e90000, 0x00000000033b0000, 0x0000000011e90000]
 total_blobs=1865 nmethods=1481 adapters=297
 compilation: enabled

Compilation events (10 events):
Event: 3.345 Thread 0x0000000016801800 1467       4       java.lang.ref.ReferenceQueue::reallyPoll (65 bytes)
Event: 3.347 Thread 0x0000000016801800 nmethod 1467 0x00000000033a8250 code [0x00000000033a8380, 0x00000000033a84b8]
Event: 3.356 Thread 0x0000000016807800 1475       3       org.gradle.internal.service.AbstractServiceMethod::<init> (42 bytes)
Event: 3.358 Thread 0x0000000016807800 nmethod 1475 0x00000000033a9190 code [0x00000000033a9400, 0x00000000033aa708]
Event: 3.358 Thread 0x0000000016807800 1476       3       java.util.concurrent.locks.AbstractQueuedSynchronizer::setState (6 bytes)
Event: 3.358 Thread 0x0000000016807800 nmethod 1476 0x00000000033a7f50 code [0x00000000033a80a0, 0x00000000033a81f0]
Event: 3.361 Thread 0x0000000016807800 1478       3       java.lang.invoke.LambdaForm::signatureArity (28 bytes)
Event: 3.361 Thread 0x0000000016807800 nmethod 1478 0x00000000033a2c90 code [0x00000000033a2e00, 0x00000000033a30e8]
Event: 3.361 Thread 0x0000000016807800 1479       3       java.lang.invoke.MemberName::initResolved (53 bytes)
Event: 3.361 Thread 0x0000000016807800 nmethod 1479 0x00000000033a2890 code [0x00000000033a29e0, 0x00000000033a2bb0]

GC Heap History (8 events):
Event: 1.180 GC heap before
{Heap before GC invocations=1 (full 0):
 PSYoungGen      total 37888K, used 32768K [0x00000000e0000000, 0x00000000e2a00000, 0x0000000100000000)
  eden space 32768K, 100% used [0x00000000e0000000,0x00000000e2000000,0x00000000e2000000)
  from space 5120K, 0% used [0x00000000e2500000,0x00000000e2500000,0x00000000e2a00000)
  to   space 5120K, 0% used [0x00000000e2000000,0x00000000e2000000,0x00000000e2500000)
 ParOldGen       total 86016K, used 0K [0x00000000a0000000, 0x00000000a5400000, 0x00000000e0000000)
  object space 86016K, 0% used [0x00000000a0000000,0x00000000a0000000,0x00000000a5400000)
 Metaspace       used 7019K, capacity 7276K, committed 7424K, reserved 1056768K
  class space    used 857K, capacity 940K, committed 1024K, reserved 1048576K
Event: 1.186 GC heap after
Heap after GC invocations=1 (full 0):
 PSYoungGen      total 37888K, used 4322K [0x00000000e0000000, 0x00000000e2a00000, 0x0000000100000000)
  eden space 32768K, 0% used [0x00000000e0000000,0x00000000e0000000,0x00000000e2000000)
  from space 5120K, 84% used [0x00000000e2000000,0x00000000e2438920,0x00000000e2500000)
  to   space 5120K, 0% used [0x00000000e2500000,0x00000000e2500000,0x00000000e2a00000)
 ParOldGen       total 86016K, used 8K [0x00000000a0000000, 0x00000000a5400000, 0x00000000e0000000)
  object space 86016K, 0% used [0x00000000a0000000,0x00000000a0002000,0x00000000a5400000)
 Metaspace       used 7019K, capacity 7276K, committed 7424K, reserved 1056768K
  class space    used 857K, capacity 940K, committed 1024K, reserved 1048576K
}
Event: 1.583 GC heap before
{Heap before GC invocations=2 (full 0):
 PSYoungGen      total 37888K, used 37090K [0x00000000e0000000, 0x00000000e2a00000, 0x0000000100000000)
  eden space 32768K, 100% used [0x00000000e0000000,0x00000000e2000000,0x00000000e2000000)
  from space 5120K, 84% used [0x00000000e2000000,0x00000000e2438920,0x00000000e2500000)
  to   space 5120K, 0% used [0x00000000e2500000,0x00000000e2500000,0x00000000e2a00000)
 ParOldGen       total 86016K, used 8K [0x00000000a0000000, 0x00000000a5400000, 0x00000000e0000000)
  object space 86016K, 0% used [0x00000000a0000000,0x00000000a0002000,0x00000000a5400000)
 Metaspace       used 7319K, capacity 7588K, committed 7680K, reserved 1056768K
  class space    used 901K, capacity 980K, committed 1024K, reserved 1048576K
Event: 1.589 GC heap after
Heap after GC invocations=2 (full 0):
 PSYoungGen      total 37888K, used 3361K [0x00000000e0000000, 0x00000000e2a00000, 0x0000000100000000)
  eden space 32768K, 0% used [0x00000000e0000000,0x00000000e0000000,0x00000000e2000000)
  from space 5120K, 65% used [0x00000000e2500000,0x00000000e2848510,0x00000000e2a00000)
  to   space 5120K, 0% used [0x00000000e2000000,0x00000000e2000000,0x00000000e2500000)
 ParOldGen       total 86016K, used 16K [0x00000000a0000000, 0x00000000a5400000, 0x00000000e0000000)
  object space 86016K, 0% used [0x00000000a0000000,0x00000000a0004000,0x00000000a5400000)
 Metaspace       used 7319K, capacity 7588K, committed 7680K, reserved 1056768K
  class space    used 901K, capacity 980K, committed 1024K, reserved 1048576K
}
Event: 2.890 GC heap before
{Heap before GC invocations=3 (full 0):
 PSYoungGen      total 37888K, used 36129K [0x00000000e0000000, 0x00000000e2a00000, 0x0000000100000000)
  eden space 32768K, 100% used [0x00000000e0000000,0x00000000e2000000,0x00000000e2000000)
  from space 5120K, 65% used [0x00000000e2500000,0x00000000e2848510,0x00000000e2a00000)
  to   space 5120K, 0% used [0x00000000e2000000,0x00000000e2000000,0x00000000e2500000)
 ParOldGen       total 86016K, used 16K [0x00000000a0000000, 0x00000000a5400000, 0x00000000e0000000)
  object space 86016K, 0% used [0x00000000a0000000,0x00000000a0004000,0x00000000a5400000)
 Metaspace       used 12303K, capacity 12726K, committed 12800K, reserved 1060864K
  class space    used 1641K, capacity 1771K, committed 1792K, reserved 1048576K
Event: 2.900 GC heap after
Heap after GC invocations=3 (full 0):
 PSYoungGen      total 37888K, used 5120K [0x00000000e0000000, 0x00000000e2a00000, 0x0000000100000000)
  eden space 32768K, 0% used [0x00000000e0000000,0x00000000e0000000,0x00000000e2000000)
  from space 5120K, 100% used [0x00000000e2000000,0x00000000e2500000,0x00000000e2500000)
  to   space 5120K, 0% used [0x00000000e2500000,0x00000000e2500000,0x00000000e2a00000)
 ParOldGen       total 86016K, used 1304K [0x00000000a0000000, 0x00000000a5400000, 0x00000000e0000000)
  object space 86016K, 1% used [0x00000000a0000000,0x00000000a0146328,0x00000000a5400000)
 Metaspace       used 12303K, capacity 12726K, committed 12800K, reserved 1060864K
  class space    used 1641K, capacity 1771K, committed 1792K, reserved 1048576K
}
Event: 3.323 GC heap before
{Heap before GC invocations=4 (full 0):
 PSYoungGen      total 37888K, used 37888K [0x00000000e0000000, 0x00000000e2a00000, 0x0000000100000000)
  eden space 32768K, 100% used [0x00000000e0000000,0x00000000e2000000,0x00000000e2000000)
  from space 5120K, 100% used [0x00000000e2000000,0x00000000e2500000,0x00000000e2500000)
  to   space 5120K, 0% used [0x00000000e2500000,0x00000000e2500000,0x00000000e2a00000)
 ParOldGen       total 86016K, used 1304K [0x00000000a0000000, 0x00000000a5400000, 0x00000000e0000000)
  object space 86016K, 1% used [0x00000000a0000000,0x00000000a0146328,0x00000000a5400000)
 Metaspace       used 14637K, capacity 15038K, committed 15232K, reserved 1062912K
  class space    used 2040K, capacity 2159K, committed 2176K, reserved 1048576K
Event: 3.335 GC heap after
Heap after GC invocations=4 (full 0):
 PSYoungGen      total 37888K, used 5088K [0x00000000e0000000, 0x00000000e2a00000, 0x0000000100000000)
  eden space 32768K, 0% used [0x00000000e0000000,0x00000000e0000000,0x00000000e2000000)
  from space 5120K, 99% used [0x00000000e2500000,0x00000000e29f8020,0x00000000e2a00000)
  to   space 5120K, 0% used [0x00000000e2000000,0x00000000e2000000,0x00000000e2500000)
 ParOldGen       total 86016K, used 3745K [0x00000000a0000000, 0x00000000a5400000, 0x00000000e0000000)
  object space 86016K, 4% used [0x00000000a0000000,0x00000000a03a8600,0x00000000a5400000)
 Metaspace       used 14637K, capacity 15038K, committed 15232K, reserved 1062912K
  class space    used 2040K, capacity 2159K, committed 2176K, reserved 1048576K
}

Deoptimization events (10 events):
Event: 2.150 Thread 0x0000000002c8e000 Uncommon trap: reason=unstable_if action=reinterpret pc=0x000000000315553c method=java.io.WinNTFileSystem.normalize(Ljava/lang/String;)Ljava/lang/String; @ 128
Event: 2.683 Thread 0x000000001a289800 Uncommon trap: reason=unstable_if action=reinterpret pc=0x0000000003263b30 method=java.util.concurrent.ConcurrentHashMap.addCount(JI)V @ 34
Event: 2.818 Thread 0x000000001a32b000 Uncommon trap: reason=bimorphic action=maybe_recompile pc=0x00000000030d18f0 method=java.util.HashMap.putVal(ILjava/lang/Object;Ljava/lang/Object;ZZ)Ljava/lang/Object; @ 253
Event: 2.818 Thread 0x000000001a32b000 Uncommon trap: reason=bimorphic action=maybe_recompile pc=0x00000000030d18f0 method=java.util.HashMap.putVal(ILjava/lang/Object;Ljava/lang/Object;ZZ)Ljava/lang/Object; @ 253
Event: 2.818 Thread 0x000000001a32b000 Uncommon trap: reason=bimorphic action=maybe_recompile pc=0x00000000030d18f0 method=java.util.HashMap.putVal(ILjava/lang/Object;Ljava/lang/Object;ZZ)Ljava/lang/Object; @ 253
Event: 2.818 Thread 0x000000001a32b000 Uncommon trap: reason=bimorphic action=maybe_recompile pc=0x00000000030d5f60 method=java.util.HashMap.putVal(ILjava/lang/Object;Ljava/lang/Object;ZZ)Ljava/lang/Object; @ 253
Event: 3.110 Thread 0x000000001a32b000 Uncommon trap: reason=class_check action=maybe_recompile pc=0x0000000003164698 method=java.util.regex.Matcher.match(II)Z @ 86
Event: 3.124 Thread 0x000000001a32b000 Uncommon trap: reason=class_check action=maybe_recompile pc=0x0000000003164698 method=java.util.regex.Matcher.match(II)Z @ 86
Event: 3.125 Thread 0x000000001a32b000 Uncommon trap: reason=class_check action=maybe_recompile pc=0x0000000003164698 method=java.util.regex.Matcher.match(II)Z @ 86
Event: 3.125 Thread 0x000000001a32b000 Uncommon trap: reason=class_check action=maybe_recompile pc=0x0000000002ff2e9c method=java.util.regex.Matcher.match(II)Z @ 86

Classes redefined (0 events):
No events

Internal exceptions (10 events):
Event: 2.735 Thread 0x000000001a2c1800 Exception <a 'java/lang/NoSuchMethodError': <clinit>> (0x00000000e19a9b58) thrown at [D:\src\AOSP-openjdk-cygwin\jdk8u\hotspot\src\share\vm\prims\jni.cpp, line 1614]
Event: 2.737 Thread 0x000000001a2c1800 Exception <a 'java/lang/NoSuchMethodError': <clinit>> (0x00000000e19bf300) thrown at [D:\src\AOSP-openjdk-cygwin\jdk8u\hotspot\src\share\vm\prims\jni.cpp, line 1614]
Event: 2.742 Thread 0x000000001a2c1800 Exception <a 'java/lang/NoSuchMethodError': <clinit>> (0x00000000e19d24c8) thrown at [D:\src\AOSP-openjdk-cygwin\jdk8u\hotspot\src\share\vm\prims\jni.cpp, line 1614]
Event: 2.747 Thread 0x000000001a2c1800 Exception <a 'java/lang/NoSuchMethodError': <clinit>> (0x00000000e19f98e8) thrown at [D:\src\AOSP-openjdk-cygwin\jdk8u\hotspot\src\share\vm\prims\jni.cpp, line 1614]
Event: 2.750 Thread 0x000000001a2c1800 Exception <a 'java/lang/NoSuchMethodError': <clinit>> (0x00000000e1a118f8) thrown at [D:\src\AOSP-openjdk-cygwin\jdk8u\hotspot\src\share\vm\prims\jni.cpp, line 1614]
Event: 2.751 Thread 0x000000001a2c1800 Exception <a 'java/lang/NoSuchMethodError': <clinit>> (0x00000000e1a1a588) thrown at [D:\src\AOSP-openjdk-cygwin\jdk8u\hotspot\src\share\vm\prims\jni.cpp, line 1614]
Event: 2.753 Thread 0x000000001a2c1800 Exception <a 'java/lang/NoSuchMethodError': <clinit>> (0x00000000e1a30c18) thrown at [D:\src\AOSP-openjdk-cygwin\jdk8u\hotspot\src\share\vm\prims\jni.cpp, line 1614]
Event: 2.768 Thread 0x000000001a2c1800 Exception <a 'java/lang/NoSuchMethodError': <clinit>> (0x00000000e1a9a1a8) thrown at [D:\src\AOSP-openjdk-cygwin\jdk8u\hotspot\src\share\vm\prims\jni.cpp, line 1614]
Event: 2.774 Thread 0x000000001a2c1800 Exception <a 'java/lang/NoSuchMethodError': <clinit>> (0x00000000e1ac6d28) thrown at [D:\src\AOSP-openjdk-cygwin\jdk8u\hotspot\src\share\vm\prims\jni.cpp, line 1614]
Event: 2.779 Thread 0x000000001a2c1800 Exception <a 'java/lang/NoSuchMethodError': <clinit>> (0x00000000e1ae4848) thrown at [D:\src\AOSP-openjdk-cygwin\jdk8u\hotspot\src\share\vm\prims\jni.cpp, line 1614]

Events (10 events):
Event: 3.369 loading class org/gradle/initialization/BuildCompletionListener
Event: 3.369 loading class org/gradle/initialization/BuildCompletionListener done
Event: 3.369 loading class org/gradle/api/internal/artifacts/transform/ArtifactTransformListener
Event: 3.369 loading class org/gradle/api/internal/artifacts/transform/ArtifactTransformListener done
Event: 3.369 loading class org/gradle/initialization/DefaultGradleLauncherFactory$NestedBuildFactoryImpl
Event: 3.369 loading class org/gradle/initialization/DefaultGradleLauncherFactory$NestedBuildFactoryImpl done
Event: 3.370 loading class org/gradle/initialization/NestedBuildFactory
Event: 3.370 loading class org/gradle/initialization/NestedBuildFactory done
Event: 3.370 loading class org/gradle/profile/BuildProfileServices$1$1
Event: 3.370 loading class org/gradle/profile/BuildProfileServices$1$1 done


Dynamic libraries:
0x00007ff6acea0000 - 0x00007ff6aced1000 	C:\Program Files\Android\Android Studio\jre\bin\java.exe
0x00007ffe798a0000 - 0x00007ffe79a90000 	C:\WINDOWS\SYSTEM32\ntdll.dll
0x00007ffe797a0000 - 0x00007ffe79852000 	C:\WINDOWS\System32\KERNEL32.DLL
0x00007ffe77420000 - 0x00007ffe776c3000 	C:\WINDOWS\System32\KERNELBASE.dll
0x00007ffe77dd0000 - 0x00007ffe77e73000 	C:\WINDOWS\System32\ADVAPI32.dll
0x00007ffe788a0000 - 0x00007ffe7893e000 	C:\WINDOWS\System32\msvcrt.dll
0x00007ffe77ab0000 - 0x00007ffe77b47000 	C:\WINDOWS\System32\sechost.dll
0x00007ffe792a0000 - 0x00007ffe793c0000 	C:\WINDOWS\System32\RPCRT4.dll
0x00007ffe78f70000 - 0x00007ffe79104000 	C:\WINDOWS\System32\USER32.dll
0x00007ffe77920000 - 0x00007ffe77941000 	C:\WINDOWS\System32\win32u.dll
0x00007ffe79700000 - 0x00007ffe79726000 	C:\WINDOWS\System32\GDI32.dll
0x00007ffe76970000 - 0x00007ffe76b04000 	C:\WINDOWS\System32\gdi32full.dll
0x00007ffe76830000 - 0x00007ffe768ce000 	C:\WINDOWS\System32\msvcp_win.dll
0x00007ffe76b10000 - 0x00007ffe76c0a000 	C:\WINDOWS\System32\ucrtbase.dll
0x00007ffe669d0000 - 0x00007ffe66c55000 	C:\WINDOWS\WinSxS\amd64_microsoft.windows.common-controls_6595b64144ccf1df_6.0.18362.778_none_e6c6b761130d4fb8\COMCTL32.dll
0x00007ffe793c0000 - 0x00007ffe796f6000 	C:\WINDOWS\System32\combase.dll
0x00007ffe768f0000 - 0x00007ffe76970000 	C:\WINDOWS\System32\bcryptPrimitives.dll
0x00007ffe791f0000 - 0x00007ffe7921e000 	C:\WINDOWS\System32\IMM32.DLL
0x000000006caf0000 - 0x000000006cbc2000 	C:\Program Files\Android\Android Studio\jre\jre\bin\msvcr100.dll
0x000000006ccb0000 - 0x000000006d4f6000 	C:\Program Files\Android\Android Studio\jre\jre\bin\server\jvm.dll
0x00007ffe79290000 - 0x00007ffe79298000 	C:\WINDOWS\System32\PSAPI.DLL
0x00007ffe65630000 - 0x00007ffe65639000 	C:\WINDOWS\SYSTEM32\WSOCK32.dll
0x00007ffe78db0000 - 0x00007ffe78e1f000 	C:\WINDOWS\System32\WS2_32.dll
0x00007ffe737e0000 - 0x00007ffe73804000 	C:\WINDOWS\SYSTEM32\WINMM.dll
0x00007ffe66c70000 - 0x00007ffe66c7a000 	C:\WINDOWS\SYSTEM32\VERSION.dll
0x00007ffe737b0000 - 0x00007ffe737dd000 	C:\WINDOWS\SYSTEM32\WINMMBASE.dll
0x00007ffe77820000 - 0x00007ffe7786a000 	C:\WINDOWS\System32\cfgmgr32.dll
0x00007ffe6fed0000 - 0x00007ffe6fedf000 	C:\Program Files\Android\Android Studio\jre\jre\bin\verify.dll
0x00007ffe54300000 - 0x00007ffe54329000 	C:\Program Files\Android\Android Studio\jre\jre\bin\java.dll
0x00007ffe599b0000 - 0x00007ffe599c6000 	C:\Program Files\Android\Android Studio\jre\jre\bin\zip.dll
0x00007ffe77f30000 - 0x00007ffe78615000 	C:\WINDOWS\System32\SHELL32.dll
0x00007ffe77e80000 - 0x00007ffe77f29000 	C:\WINDOWS\System32\shcore.dll
0x00007ffe76ca0000 - 0x00007ffe77420000 	C:\WINDOWS\System32\windows.storage.dll
0x00007ffe76800000 - 0x00007ffe76823000 	C:\WINDOWS\System32\profapi.dll
0x00007ffe76770000 - 0x00007ffe767ba000 	C:\WINDOWS\System32\powrprof.dll
0x00007ffe76760000 - 0x00007ffe76770000 	C:\WINDOWS\System32\UMPDC.dll
0x00007ffe79190000 - 0x00007ffe791e2000 	C:\WINDOWS\System32\shlwapi.dll
0x00007ffe767c0000 - 0x00007ffe767d1000 	C:\WINDOWS\System32\kernel.appcore.dll
0x00007ffe768d0000 - 0x00007ffe768e7000 	C:\WINDOWS\System32\cryptsp.dll
0x00007ffe587b0000 - 0x00007ffe587ca000 	C:\Program Files\Android\Android Studio\jre\jre\bin\net.dll
0x00007ffe622e0000 - 0x00007ffe624b5000 	C:\WINDOWS\SYSTEM32\urlmon.dll
0x00007ffe628e0000 - 0x00007ffe62b86000 	C:\WINDOWS\SYSTEM32\iertutil.dll
0x00007ffe76140000 - 0x00007ffe7614c000 	C:\WINDOWS\SYSTEM32\CRYPTBASE.DLL
0x00007ffe75f70000 - 0x00007ffe75fd7000 	C:\WINDOWS\system32\mswsock.dll
0x00007ffe54c00000 - 0x00007ffe54c13000 	C:\Program Files\Android\Android Studio\jre\jre\bin\nio.dll
0x00007ffe696a0000 - 0x00007ffe696c6000 	C:\Users\Abhishek\.gradle\native\30\windows-amd64\native-platform.dll
0x00007ffe61f50000 - 0x00007ffe61f5d000 	C:\Program Files\Android\Android Studio\jre\jre\bin\management.dll
0x00007ffe75ae0000 - 0x00007ffe75b13000 	C:\WINDOWS\system32\rsaenh.dll
0x00007ffe76c10000 - 0x00007ffe76c36000 	C:\WINDOWS\System32\bcrypt.dll
0x00007ffe76680000 - 0x00007ffe766a5000 	C:\WINDOWS\SYSTEM32\USERENV.dll
0x00007ffe75c80000 - 0x00007ffe75cba000 	C:\WINDOWS\SYSTEM32\IPHLPAPI.DLL
0x00007ffe78e20000 - 0x00007ffe78e28000 	C:\WINDOWS\System32\NSI.dll
0x00007ffe6ad10000 - 0x00007ffe6ad26000 	C:\WINDOWS\SYSTEM32\dhcpcsvc6.DLL
0x00007ffe6f5f0000 - 0x00007ffe6f60c000 	C:\WINDOWS\SYSTEM32\dhcpcsvc.DLL
0x00007ffe75cd0000 - 0x00007ffe75d9a000 	C:\WINDOWS\SYSTEM32\DNSAPI.dll

VM Arguments:
jvm_args: -Xmx1536m -Dfile.encoding=windows-1252 -Duser.country=IN -Duser.language=en -Duser.variant 
java_command: org.gradle.launcher.daemon.bootstrap.GradleDaemon 5.6.4
java_class_path (initial): C:\Users\Abhishek\.gradle\wrapper\dists\gradle-5.6.4-all\ankdp27end7byghfw1q2sw75f\gradle-5.6.4\lib\gradle-launcher-5.6.4.jar
Launcher Type: SUN_STANDARD

Environment Variables:
PATH=C:\WINDOWS\system32;C:\WINDOWS;C:\WINDOWS\System32\Wbem;C:\WINDOWS\System32\WindowsPowerShell\v1.0\;C:\WINDOWS\System32\OpenSSH\;C:\Program Files\nodejs\;C:\Program Files\Git\cmd;C:\Users\Abhishek\AppData\Local\Microsoft\WindowsApps;C:\Users\Abhishek\AppData\Roaming\npm;
USERNAME=Abhishek
OS=Windows_NT
PROCESSOR_IDENTIFIER=Intel64 Family 6 Model 78 Stepping 3, GenuineIntel



---------------  S Y S T E M  ---------------

OS: Windows 10.0 , 64 bit Build 18362 (10.0.18362.778)

CPU:total 4 (initial active 4) (2 cores per cpu, 2 threads per core) family 6 model 78 stepping 3, cmov, cx8, fxsr, mmx, sse, sse2, sse3, ssse3, sse4.1, sse4.2, popcnt, avx, avx2, aes, clmul, erms, 3dnowpref, lzcnt, ht, tsc, tscinvbit, bmi1, bmi2, adx

Memory: 4k page, physical 8251176k(829744k free), swap 33417000k(5916k free)

vm_info: OpenJDK 64-Bit Server VM (25.212-b04) for windows-amd64 JRE (1.8.0_212-release-1586-b04), built by "builder" with MS VC++ 10.0 (VS2010)

time: Mon May 25 21:26:13 2020
timezone: India Standard Time
elapsed time: 3 seconds (0d 0h 0m 3s)

