#
# There is insufficient memory for the Java Runtime Environment to continue.
# Native memory allocation (malloc) failed to allocate 616816 bytes for Chunk::new
# Possible reasons:
#   The system is out of physical RAM or swap space
#   The process is running with CompressedOops enabled, and the Java Heap may be blocking the growth of the native heap
# Possible solutions:
#   Reduce memory load on the system
#   Increase physical memory or swap space
#   Check if swap backing store is full
#   Decrease Java heap size (-Xmx/-Xms)
#   Decrease number of Java threads
#   Decrease Java thread stack sizes (-Xss)
#   Set larger code cache with -XX:ReservedCodeCacheSize=
#   JVM is running with Unscaled Compressed Oops mode in which the Java heap is
#     placed in the first 4GB address space. The Java Heap base address is the
#     maximum limit for the native heap growth. Please use -XX:HeapBaseMinAddress
#     to set the Java Heap base and to place the Java Heap above 4GB virtual address.
# This output file may be truncated or incomplete.
#
#  Out of Memory Error (allocation.cpp:389), pid=7532, tid=0x0000000000003abc
#
# JRE version: OpenJDK Runtime Environment (8.0_212-b04) (build 1.8.0_212-release-1586-b04)
# Java VM: OpenJDK 64-Bit Server VM (25.212-b04 mixed mode windows-amd64 compressed oops)
# Failed to write core dump. Minidumps are not enabled by default on client versions of Windows
#

---------------  T H R E A D  ---------------

Current thread (0x00000000160d1000):  JavaThread "C2 CompilerThread1" daemon [_thread_in_native, id=15036, stack(0x0000000017830000,0x0000000017930000)]

Stack: [0x0000000017830000,0x0000000017930000]
[error occurred during error reporting (printing stack bounds), id 0xc0000005]

Native frames: (J=compiled Java code, j=interpreted, Vv=VM code, C=native code)


Current CompileTask:
C2: 943316 12402       4       org.gradle.internal.logging.sink.LogEventDispatcher::onOutput (60 bytes)


---------------  P R O C E S S  ---------------

Java Threads: ( => current thread )
  0x000000001e062800 JavaThread "Thread-44" [_thread_in_native, id=5024, stack(0x0000000026600000,0x0000000026700000)]
  0x000000001e063800 JavaThread "RMI TCP Connection(idle)" daemon [_thread_blocked, id=7572, stack(0x0000000026300000,0x0000000026400000)]
  0x000000001e068000 JavaThread "RMI Reaper" [_thread_blocked, id=14604, stack(0x0000000026200000,0x0000000026300000)]
  0x000000001e064000 JavaThread "RMI TCP Accept-0" daemon [_thread_in_native, id=372, stack(0x0000000026100000,0x0000000026200000)]
  0x000000001e066800 JavaThread "GC Daemon" daemon [_thread_blocked, id=10184, stack(0x0000000026000000,0x0000000026100000)]
  0x000000001e067000 JavaThread "RMI RenewClean-[127.0.0.1:17100,org.jetbrains.kotlin.daemon.common.LoopbackNetworkInterface$ClientLoopbackSocketFactory@36e1bf15]" daemon [_thread_blocked, id=824, stack(0x0000000025f00000,0x0000000026000000)]
  0x000000001e065800 JavaThread "RMI Scheduler(0)" daemon [_thread_blocked, id=12604, stack(0x0000000025e00000,0x0000000025f00000)]
  0x000000001e059000 JavaThread "Cache worker for execution history cache (C:\Users\Abhishek\StudioProjects\studypdf\.gradle\5.6.4\executionHistory)" [_thread_blocked, id=11964, stack(0x0000000025b00000,0x0000000025c00000)]
  0x000000001e05f000 JavaThread "Execution worker for ':' Thread 3" [_thread_blocked, id=8324, stack(0x0000000025a00000,0x0000000025b00000)]
  0x000000001e05d800 JavaThread "Execution worker for ':' Thread 2" [_thread_blocked, id=6888, stack(0x0000000025900000,0x0000000025a00000)]
  0x000000001e059800 JavaThread "Execution worker for ':'" [_thread_blocked, id=15028, stack(0x0000000025800000,0x0000000025900000)]
  0x000000001e05e000 JavaThread "Cache worker for file content cache (C:\Users\Abhishek\StudioProjects\studypdf\.gradle\5.6.4\fileContent)" [_thread_blocked, id=5604, stack(0x00000000238e0000,0x00000000239e0000)]
  0x000000001e05c000 JavaThread "Cache worker for file content cache (C:\Users\Abhishek\.gradle\caches\5.6.4\fileContent)" [_thread_blocked, id=1208, stack(0x00000000237e0000,0x00000000238e0000)]
  0x000000001e05b000 JavaThread "Cache worker for Build Output Cleanup Cache (C:\Users\Abhishek\StudioProjects\studypdf\.gradle\buildOutputCleanup)" [_thread_blocked, id=6828, stack(0x00000000214e0000,0x00000000215e0000)]
  0x000000001894c000 JavaThread "Build operations Thread 4" [_thread_blocked, id=15244, stack(0x0000000020be0000,0x0000000020ce0000)]
  0x000000001c69c000 JavaThread "Build operations Thread 3" [_thread_blocked, id=2964, stack(0x0000000020ae0000,0x0000000020be0000)]
  0x000000001c69d000 JavaThread "Build operations Thread 2" [_thread_blocked, id=9752, stack(0x00000000209e0000,0x0000000020ae0000)]
  0x000000001c69b800 JavaThread "Build operations" [_thread_blocked, id=10296, stack(0x00000000208e0000,0x00000000209e0000)]
  0x000000001c69a800 JavaThread "Cache worker for cache directory md-rule (C:\Users\Abhishek\.gradle\caches\5.6.4\md-rule)" [_thread_blocked, id=14608, stack(0x000000001e9f0000,0x000000001eaf0000)]
  0x000000001c69a000 JavaThread "Cache worker for cache directory md-supplier (C:\Users\Abhishek\.gradle\caches\5.6.4\md-supplier)" [_thread_blocked, id=3552, stack(0x000000001e8f0000,0x000000001e9f0000)]
  0x000000001c69e800 JavaThread "Cache worker for file hash cache (C:\Users\Abhishek\StudioProjects\studypdf\.gradle\5.6.4\fileHashes)" [_thread_blocked, id=10800, stack(0x000000001b950000,0x000000001ba50000)]
  0x000000001c691000 JavaThread "Thread-28" [_thread_blocked, id=13424, stack(0x000000001b650000,0x000000001b750000)]
  0x000000001c695800 JavaThread "Asynchronous log dispatcher for DefaultDaemonConnection: socket connection from /127.0.0.1:54494 to /127.0.0.1:54555" [_thread_blocked, id=2232, stack(0x000000001b250000,0x000000001b350000)]
  0x000000001c694000 JavaThread "Daemon worker Thread 2" [_thread_in_native, id=14708, stack(0x000000001b050000,0x000000001b150000)]
  0x000000001c692800 JavaThread "Cancel handler" [_thread_blocked, id=6592, stack(0x0000000000c10000,0x0000000000d10000)]
  0x000000001c696000 JavaThread "Handler for socket connection from /127.0.0.1:54494 to /127.0.0.1:54555" [_thread_in_native, id=14632, stack(0x0000000000b10000,0x0000000000c10000)]
  0x000000001c690000 JavaThread "Daemon Thread 2" [_thread_blocked, id=2456, stack(0x0000000000a10000,0x0000000000b10000)]
  0x000000001c697000 JavaThread "Memory manager" [_thread_blocked, id=6172, stack(0x00000000217e0000,0x00000000218e0000)]
  0x000000001c693000 JavaThread "Cache worker for execution history cache (C:\Users\Abhishek\.gradle\caches\5.6.4\executionHistory)" [_thread_blocked, id=2640, stack(0x000000001fd80000,0x000000001fe80000)]
  0x0000000018950000 JavaThread "Cache worker for journal cache (C:\Users\Abhishek\.gradle\caches\journal-1)" [_thread_blocked, id=9552, stack(0x000000001be50000,0x000000001bf50000)]
  0x000000001894d800 JavaThread "File lock request listener" [_thread_in_native, id=13824, stack(0x000000001bd50000,0x000000001be50000)]
  0x000000001894b000 JavaThread "Cache worker for file hash cache (C:\Users\Abhishek\.gradle\caches\5.6.4\fileHashes)" [_thread_blocked, id=13720, stack(0x000000001bc50000,0x000000001bd50000)]
  0x0000000019996800 JavaThread "Daemon periodic checks" [_thread_blocked, id=308, stack(0x000000001b150000,0x000000001b250000)]
  0x0000000017acf800 JavaThread "Incoming local TCP Connector on port 54494" [_thread_in_native, id=7568, stack(0x000000001ae10000,0x000000001af10000)]
  0x0000000017d9d800 JavaThread "Daemon health stats" [_thread_blocked, id=9140, stack(0x000000001a7d0000,0x000000001a8d0000)]
  0x0000000017a51800 JavaThread "Service Thread" daemon [_thread_blocked, id=1148, stack(0x0000000017e30000,0x0000000017f30000)]
  0x00000000160d8800 JavaThread "C1 CompilerThread2" daemon [_thread_blocked, id=9700, stack(0x0000000017930000,0x0000000017a30000)]
=>0x00000000160d1000 JavaThread "C2 CompilerThread1" daemon [_thread_in_native, id=15036, stack(0x0000000017830000,0x0000000017930000)]
  0x00000000160cd000 JavaThread "C2 CompilerThread0" daemon [_thread_blocked, id=13652, stack(0x0000000017730000,0x0000000017830000)]
  0x00000000160ca800 JavaThread "Attach Listener" daemon [_thread_blocked, id=7956, stack(0x0000000017630000,0x0000000017730000)]
  0x00000000160c9800 JavaThread "Signal Dispatcher" daemon [_thread_blocked, id=14160, stack(0x0000000017530000,0x0000000017630000)]
  0x00000000026ca800 JavaThread "Finalizer" daemon [_thread_blocked, id=4524, stack(0x0000000017330000,0x0000000017430000)]
  0x00000000160b9000 JavaThread "Reference Handler" daemon [_thread_blocked, id=3128, stack(0x0000000017230000,0x0000000017330000)]
  0x000000000285e000 JavaThread "main" [_thread_blocked, id=2780, stack(0x0000000000d10000,0x0000000000e10000)]

Other Threads:
  0x0000000016097800 VMThread [stack: 0x0000000017130000,0x0000000017230000] [id=14000]
  0x000000001612e800 WatcherThread [stack: 0x0000000017f30000,0x0000000018030000] [id=4860]

VM state:not at safepoint (normal execution)

VM Mutex/Monitor currently owned by a thread: None

heap address: 0x00000000a0000000, size: 1536 MB, Compressed Oops mode: 32-bit
Narrow klass base: 0x0000000000000000, Narrow klass shift: 3
Compressed class space size: 1073741824 Address: 0x0000000100000000

Heap:
 PSYoungGen      total 340480K, used 43512K [0x00000000e0000000, 0x00000000fc880000, 0x0000000100000000)
  eden space 313856K, 5% used [0x00000000e0000000,0x00000000e10cc640,0x00000000f3280000)
  from space 26624K, 98% used [0x00000000f3280000,0x00000000f4c31b70,0x00000000f4c80000)
  to   space 30720K, 0% used [0x00000000faa80000,0x00000000faa80000,0x00000000fc880000)
 ParOldGen       total 101376K, used 58088K [0x00000000a0000000, 0x00000000a6300000, 0x00000000e0000000)
  object space 101376K, 57% used [0x00000000a0000000,0x00000000a38ba278,0x00000000a6300000)
 Metaspace       used 86050K, capacity 90092K, committed 90368K, reserved 1128448K
  class space    used 11363K, capacity 12215K, committed 12288K, reserved 1048576K

Card table byte_map: [0x0000000011c20000,0x0000000011f30000] byte_map_base: 0x0000000011720000

Marking Bits: (ParMarkBitMap*) 0x0000000060a09f30
 Begin Bits: [0x0000000012430000, 0x0000000013c30000)
 End Bits:   [0x0000000013c30000, 0x0000000015430000)

Polling page: 0x00000000005f0000

CodeCache: size=245760Kb used=35654Kb max_used=35897Kb free=210105Kb
 bounds [0x0000000002860000, 0x0000000004bb0000, 0x0000000011860000]
 total_blobs=11435 nmethods=10539 adapters=807
 compilation: enabled

Compilation events (10 events):
Event: 912.889 Thread 0x00000000160d8800 nmethod 12397 0x000000000401c010 code [0x000000000401c180, 0x000000000401c3a8]
Event: 913.259 Thread 0x00000000160d8800 12398       1       org.gradle.launcher.daemon.server.health.gc.GarbageCollectionEvent::getCount (5 bytes)
Event: 913.260 Thread 0x00000000160d8800 nmethod 12398 0x000000000408e750 code [0x000000000408e8a0, 0x000000000408e9b0]
Event: 918.969 Thread 0x00000000160d8800 12399       3       org.gradle.internal.logging.text.AbstractLineChoppingStyledTextOutput$1::execute (9 bytes)
Event: 918.970 Thread 0x00000000160d8800 nmethod 12399 0x0000000003c90410 code [0x0000000003c90580, 0x0000000003c907e8]
Event: 919.180 Thread 0x00000000160d8800 12400  s    3       java.io.ExpiringCache::clear (10 bytes)
Event: 919.180 Thread 0x00000000160d8800 nmethod 12400 0x00000000040a0f50 code [0x00000000040a10c0, 0x00000000040a1448]
Event: 919.190 Thread 0x00000000160d8800 12401       3       kotlin.collections.AbstractIterator::next (30 bytes)
Event: 919.191 Thread 0x00000000160d8800 nmethod 12401 0x0000000002bce6d0 code [0x0000000002bce860, 0x0000000002bceb98]
Event: 943.220 Thread 0x00000000160d1000 12402       4       org.gradle.internal.logging.sink.LogEventDispatcher::onOutput (60 bytes)

GC Heap History (10 events):
Event: 44.200 GC heap before
{Heap before GC invocations=14 (full 2):
 PSYoungGen      total 185344K, used 30044K [0x00000000e0000000, 0x00000000f0e00000, 0x0000000100000000)
  eden space 171520K, 9% used [0x00000000e0000000,0x00000000e0fdada0,0x00000000ea780000)
  from space 13824K, 99% used [0x00000000ea780000,0x00000000eb4fc3d0,0x00000000eb500000)
  to   space 20480K, 0% used [0x00000000efa00000,0x00000000efa00000,0x00000000f0e00000)
 ParOldGen       total 71680K, used 33160K [0x00000000a0000000, 0x00000000a4600000, 0x00000000e0000000)
  object space 71680K, 46% used [0x00000000a0000000,0x00000000a2062340,0x00000000a4600000)
 Metaspace       used 57145K, capacity 58982K, committed 59136K, reserved 1099776K
  class space    used 7654K, capacity 8089K, committed 8192K, reserved 1048576K
Event: 44.221 GC heap after
Heap after GC invocations=14 (full 2):
 PSYoungGen      total 255488K, used 1569K [0x00000000e0000000, 0x00000000f1280000, 0x0000000100000000)
  eden space 235008K, 0% used [0x00000000e0000000,0x00000000e0000000,0x00000000ee580000)
  from space 20480K, 7% used [0x00000000efa00000,0x00000000efb88408,0x00000000f0e00000)
  to   space 20992K, 0% used [0x00000000ee580000,0x00000000ee580000,0x00000000efa00000)
 ParOldGen       total 71680K, used 43400K [0x00000000a0000000, 0x00000000a4600000, 0x00000000e0000000)
  object space 71680K, 60% used [0x00000000a0000000,0x00000000a2a623c8,0x00000000a4600000)
 Metaspace       used 57145K, capacity 58982K, committed 59136K, reserved 1099776K
  class space    used 7654K, capacity 8089K, committed 8192K, reserved 1048576K
}
Event: 44.221 GC heap before
{Heap before GC invocations=15 (full 3):
 PSYoungGen      total 255488K, used 1569K [0x00000000e0000000, 0x00000000f1280000, 0x0000000100000000)
  eden space 235008K, 0% used [0x00000000e0000000,0x00000000e0000000,0x00000000ee580000)
  from space 20480K, 7% used [0x00000000efa00000,0x00000000efb88408,0x00000000f0e00000)
  to   space 20992K, 0% used [0x00000000ee580000,0x00000000ee580000,0x00000000efa00000)
 ParOldGen       total 71680K, used 43400K [0x00000000a0000000, 0x00000000a4600000, 0x00000000e0000000)
  object space 71680K, 60% used [0x00000000a0000000,0x00000000a2a623c8,0x00000000a4600000)
 Metaspace       used 57145K, capacity 58982K, committed 59136K, reserved 1099776K
  class space    used 7654K, capacity 8089K, committed 8192K, reserved 1048576K
Event: 44.609 GC heap after
Heap after GC invocations=15 (full 3):
 PSYoungGen      total 255488K, used 0K [0x00000000e0000000, 0x00000000f1280000, 0x0000000100000000)
  eden space 235008K, 0% used [0x00000000e0000000,0x00000000e0000000,0x00000000ee580000)
  from space 20480K, 0% used [0x00000000efa00000,0x00000000efa00000,0x00000000f0e00000)
  to   space 20992K, 0% used [0x00000000ee580000,0x00000000ee580000,0x00000000efa00000)
 ParOldGen       total 101376K, used 32008K [0x00000000a0000000, 0x00000000a6300000, 0x00000000e0000000)
  object space 101376K, 31% used [0x00000000a0000000,0x00000000a1f42198,0x00000000a6300000)
 Metaspace       used 57138K, capacity 58958K, committed 59136K, reserved 1099776K
  class space    used 7652K, capacity 8085K, committed 8192K, reserved 1048576K
}
Event: 55.497 GC heap before
{Heap before GC invocations=16 (full 3):
 PSYoungGen      total 255488K, used 235008K [0x00000000e0000000, 0x00000000f1280000, 0x0000000100000000)
  eden space 235008K, 100% used [0x00000000e0000000,0x00000000ee580000,0x00000000ee580000)
  from space 20480K, 0% used [0x00000000efa00000,0x00000000efa00000,0x00000000f0e00000)
  to   space 20992K, 0% used [0x00000000ee580000,0x00000000ee580000,0x00000000efa00000)
 ParOldGen       total 101376K, used 32008K [0x00000000a0000000, 0x00000000a6300000, 0x00000000e0000000)
  object space 101376K, 31% used [0x00000000a0000000,0x00000000a1f42198,0x00000000a6300000)
 Metaspace       used 67728K, capacity 69992K, committed 70144K, reserved 1110016K
  class space    used 9143K, capacity 9700K, committed 9728K, reserved 1048576K
Event: 55.549 GC heap after
Heap after GC invocations=16 (full 3):
 PSYoungGen      total 256000K, used 20573K [0x00000000e0000000, 0x00000000f6800000, 0x0000000100000000)
  eden space 235008K, 0% used [0x00000000e0000000,0x00000000e0000000,0x00000000ee580000)
  from space 20992K, 98% used [0x00000000ee580000,0x00000000ef997710,0x00000000efa00000)
  to   space 24064K, 0% used [0x00000000f5080000,0x00000000f5080000,0x00000000f6800000)
 ParOldGen       total 101376K, used 32016K [0x00000000a0000000, 0x00000000a6300000, 0x00000000e0000000)
  object space 101376K, 31% used [0x00000000a0000000,0x00000000a1f44198,0x00000000a6300000)
 Metaspace       used 67728K, capacity 69992K, committed 70144K, reserved 1110016K
  class space    used 9143K, capacity 9700K, committed 9728K, reserved 1048576K
}
Event: 65.404 GC heap before
{Heap before GC invocations=17 (full 3):
 PSYoungGen      total 256000K, used 255581K [0x00000000e0000000, 0x00000000f6800000, 0x0000000100000000)
  eden space 235008K, 100% used [0x00000000e0000000,0x00000000ee580000,0x00000000ee580000)
  from space 20992K, 98% used [0x00000000ee580000,0x00000000ef997710,0x00000000efa00000)
  to   space 24064K, 0% used [0x00000000f5080000,0x00000000f5080000,0x00000000f6800000)
 ParOldGen       total 101376K, used 32016K [0x00000000a0000000, 0x00000000a6300000, 0x00000000e0000000)
  object space 101376K, 31% used [0x00000000a0000000,0x00000000a1f44198,0x00000000a6300000)
 Metaspace       used 76634K, capacity 79724K, committed 79872K, reserved 1118208K
  class space    used 10337K, capacity 10988K, committed 11008K, reserved 1048576K
Event: 65.458 GC heap after
Heap after GC invocations=17 (full 3):
 PSYoungGen      total 336384K, used 20618K [0x00000000e0000000, 0x00000000f6680000, 0x0000000100000000)
  eden space 313856K, 0% used [0x00000000e0000000,0x00000000e0000000,0x00000000f3280000)
  from space 22528K, 91% used [0x00000000f5080000,0x00000000f64a2bb0,0x00000000f6680000)
  to   space 26624K, 0% used [0x00000000f3280000,0x00000000f3280000,0x00000000f4c80000)
 ParOldGen       total 101376K, used 46223K [0x00000000a0000000, 0x00000000a6300000, 0x00000000e0000000)
  object space 101376K, 45% used [0x00000000a0000000,0x00000000a2d23e88,0x00000000a6300000)
 Metaspace       used 76634K, capacity 79724K, committed 79872K, reserved 1118208K
  class space    used 10337K, capacity 10988K, committed 11008K, reserved 1048576K
}
Event: 882.064 GC heap before
{Heap before GC invocations=18 (full 3):
 PSYoungGen      total 336384K, used 334474K [0x00000000e0000000, 0x00000000f6680000, 0x0000000100000000)
  eden space 313856K, 100% used [0x00000000e0000000,0x00000000f3280000,0x00000000f3280000)
  from space 22528K, 91% used [0x00000000f5080000,0x00000000f64a2bb0,0x00000000f6680000)
  to   space 26624K, 0% used [0x00000000f3280000,0x00000000f3280000,0x00000000f4c80000)
 ParOldGen       total 101376K, used 46223K [0x00000000a0000000, 0x00000000a6300000, 0x00000000e0000000)
  object space 101376K, 45% used [0x00000000a0000000,0x00000000a2d23e88,0x00000000a6300000)
 Metaspace       used 84872K, capacity 88854K, committed 89088K, reserved 1126400K
  class space    used 11185K, capacity 12020K, committed 12032K, reserved 1048576K
Event: 882.722 GC heap after
Heap after GC invocations=18 (full 3):
 PSYoungGen      total 340480K, used 26310K [0x00000000e0000000, 0x00000000fc880000, 0x0000000100000000)
  eden space 313856K, 0% used [0x00000000e0000000,0x00000000e0000000,0x00000000f3280000)
  from space 26624K, 98% used [0x00000000f3280000,0x00000000f4c31b70,0x00000000f4c80000)
  to   space 30720K, 0% used [0x00000000faa80000,0x00000000faa80000,0x00000000fc880000)
 ParOldGen       total 101376K, used 58088K [0x00000000a0000000, 0x00000000a6300000, 0x00000000e0000000)
  object space 101376K, 57% used [0x00000000a0000000,0x00000000a38ba278,0x00000000a6300000)
 Metaspace       used 84872K, capacity 88854K, committed 89088K, reserved 1126400K
  class space    used 11185K, capacity 12020K, committed 12032K, reserved 1048576K
}

Deoptimization events (10 events):
Event: 894.209 Thread 0x000000001c694000 Uncommon trap: reason=bimorphic action=maybe_recompile pc=0x00000000041d8880 method=java.util.Collections$UnmodifiableList.get(I)Ljava/lang/Object; @ 5
Event: 894.209 Thread 0x000000001c694000 Uncommon trap: reason=bimorphic action=maybe_recompile pc=0x00000000041d8880 method=java.util.Collections$UnmodifiableList.get(I)Ljava/lang/Object; @ 5
Event: 894.255 Thread 0x000000001c694000 Uncommon trap: reason=class_check action=maybe_recompile pc=0x00000000032ec3a0 method=java.lang.reflect.Array.newInstance(Ljava/lang/Class;I)Ljava/lang/Object; @ 2
Event: 894.687 Thread 0x000000001e063800 Uncommon trap: reason=class_check action=maybe_recompile pc=0x0000000003b70038 method=java.lang.ThreadLocal.set(Ljava/lang/Object;)V @ 26
Event: 894.741 Thread 0x000000001e063800 Uncommon trap: reason=class_check action=maybe_recompile pc=0x00000000032ec3a0 method=java.lang.reflect.Array.newInstance(Ljava/lang/Class;I)Ljava/lang/Object; @ 2
Event: 912.884 Thread 0x000000001c694000 Uncommon trap: reason=bimorphic action=maybe_recompile pc=0x00000000044fa5cc method=java.util.Collections$SetFromMap.contains(Ljava/lang/Object;)Z @ 5
Event: 912.887 Thread 0x000000001c694000 Uncommon trap: reason=unstable_if action=reinterpret pc=0x0000000002ce9d40 method=org.gradle.internal.logging.text.AbstractLineChoppingStyledTextOutput$2.execute(Lorg/gradle/internal/logging/text/AbstractLineChoppingStyledTextOutput$StateContext;)V @ 30
Event: 912.905 Thread 0x000000001c695800 Uncommon trap: reason=unstable_if action=reinterpret pc=0x000000000406a4d4 method=com.esotericsoftware.kryo.io.Output.writeUtf8Length(I)V @ 42
Event: 912.905 Thread 0x000000001c695800 Uncommon trap: reason=unstable_if action=reinterpret pc=0x0000000002cada24 method=com.esotericsoftware.kryo.io.Output.writeString(Ljava/lang/CharSequence;)V @ 50
Event: 918.950 Thread 0x000000001c694000 Uncommon trap: reason=unstable_if action=reinterpret pc=0x0000000002c6fa8c method=org.gradle.internal.logging.text.AbstractLineChoppingStyledTextOutput$2.execute(Lorg/gradle/internal/logging/text/AbstractLineChoppingStyledTextOutput$StateContext;)V @ 30

Classes redefined (0 events):
No events

Internal exceptions (10 events):
Event: 894.390 Thread 0x000000001c694000 Exception <a 'java/lang/NoSuchMethodError': <clinit>> (0x00000000e0692470) thrown at [D:\src\AOSP-openjdk-cygwin\jdk8u\hotspot\src\share\vm\prims\jni.cpp, line 1614]
Event: 894.392 Thread 0x000000001c694000 Exception <a 'java/lang/NoSuchMethodError': <clinit>> (0x00000000e06aa6d8) thrown at [D:\src\AOSP-openjdk-cygwin\jdk8u\hotspot\src\share\vm\prims\jni.cpp, line 1614]
Event: 894.415 Thread 0x000000001c694000 Exception <a 'java/lang/NoSuchMethodError': <clinit>> (0x00000000e079aac0) thrown at [D:\src\AOSP-openjdk-cygwin\jdk8u\hotspot\src\share\vm\prims\jni.cpp, line 1614]
Event: 894.538 Thread 0x000000001c694000 Exception <a 'java/lang/NoSuchMethodError': <clinit>> (0x00000000e0919aa8) thrown at [D:\src\AOSP-openjdk-cygwin\jdk8u\hotspot\src\share\vm\prims\jni.cpp, line 1614]
Event: 894.552 Thread 0x000000001c694000 Exception <a 'java/lang/NoSuchMethodError': <clinit>> (0x00000000e0a278b0) thrown at [D:\src\AOSP-openjdk-cygwin\jdk8u\hotspot\src\share\vm\prims\jni.cpp, line 1614]
Event: 912.820 Thread 0x000000001c694000 Exception <a 'sun/net/ConnectionResetException': > (0x00000000e0c4fc50) thrown at [D:\src\AOSP-openjdk-cygwin\jdk8u\hotspot\src\share\vm\prims\jni.cpp, line 736]
Event: 912.821 Thread 0x000000001c694000 Exception <a 'sun/net/ConnectionResetException': > (0x00000000e0c509f0) thrown at [D:\src\AOSP-openjdk-cygwin\jdk8u\hotspot\src\share\vm\prims\jni.cpp, line 736]
Event: 914.908 Thread 0x000000001c694000 Exception <a 'java/net/ConnectException': Connection refused: connect> (0x00000000e0cfee60) thrown at [D:\src\AOSP-openjdk-cygwin\jdk8u\hotspot\src\share\vm\prims\jni.cpp, line 736]
Event: 916.928 Thread 0x000000001c694000 Exception <a 'java/net/ConnectException': Connection refused: connect> (0x00000000e0d002c8) thrown at [D:\src\AOSP-openjdk-cygwin\jdk8u\hotspot\src\share\vm\prims\jni.cpp, line 736]
Event: 918.950 Thread 0x000000001c694000 Exception <a 'java/net/ConnectException': Connection refused: connect> (0x00000000e0d01730) thrown at [D:\src\AOSP-openjdk-cygwin\jdk8u\hotspot\src\share\vm\prims\jni.cpp, line 736]

Events (10 events):
Event: 919.437 Thread 0x000000001e062800 Thread added: 0x000000001e062800
Event: 919.438 loading class org/jetbrains/kotlin/compilerRunner/ReportUtilsKt$runToolInSeparateProcess$1
Event: 919.438 loading class org/jetbrains/kotlin/compilerRunner/ReportUtilsKt$runToolInSeparateProcess$1 done
Event: 919.455 loading class org/jetbrains/kotlin/compilerRunner/ReportUtilsKt$runToolInSeparateProcess$readErrThread$1$1
Event: 919.455 loading class org/jetbrains/kotlin/compilerRunner/ReportUtilsKt$runToolInSeparateProcess$readErrThread$1$1 done
Event: 922.616 Executing VM operation: RevokeBias
Event: 922.617 Executing VM operation: RevokeBias done
Event: 922.617 Thread 0x000000001c694800 Thread exited: 0x000000001c694800
Event: 924.105 Executing VM operation: RevokeBias
Event: 924.106 Executing VM operation: RevokeBias done


Dynamic libraries:
0x00007ff6be180000 - 0x00007ff6be1b1000 	C:\Program Files\Android\Android Studio\jre\bin\java.exe
0x00007ff9649e0000 - 0x00007ff964bd0000 	C:\WINDOWS\SYSTEM32\ntdll.dll
0x00007ff964870000 - 0x00007ff964922000 	C:\WINDOWS\System32\KERNEL32.DLL
0x00007ff962510000 - 0x00007ff9627b3000 	C:\WINDOWS\System32\KERNELBASE.dll
0x00007ff9633a0000 - 0x00007ff963443000 	C:\WINDOWS\System32\ADVAPI32.dll
0x00007ff9646f0000 - 0x00007ff96478e000 	C:\WINDOWS\System32\msvcrt.dll
0x00007ff9632d0000 - 0x00007ff963367000 	C:\WINDOWS\System32\sechost.dll
0x00007ff963450000 - 0x00007ff963570000 	C:\WINDOWS\System32\RPCRT4.dll
0x00007ff963ee0000 - 0x00007ff964074000 	C:\WINDOWS\System32\USER32.dll
0x00007ff9629e0000 - 0x00007ff962a01000 	C:\WINDOWS\System32\win32u.dll
0x00007ff963370000 - 0x00007ff963396000 	C:\WINDOWS\System32\GDI32.dll
0x00007ff961970000 - 0x00007ff961b04000 	C:\WINDOWS\System32\gdi32full.dll
0x00007ff9627c0000 - 0x00007ff96285e000 	C:\WINDOWS\System32\msvcp_win.dll
0x00007ff961bc0000 - 0x00007ff961cba000 	C:\WINDOWS\System32\ucrtbase.dll
0x00007ff9559c0000 - 0x00007ff955c45000 	C:\WINDOWS\WinSxS\amd64_microsoft.windows.common-controls_6595b64144ccf1df_6.0.18362.778_none_e6c6b761130d4fb8\COMCTL32.dll
0x00007ff964080000 - 0x00007ff9643b6000 	C:\WINDOWS\System32\combase.dll
0x00007ff962a10000 - 0x00007ff962a90000 	C:\WINDOWS\System32\bcryptPrimitives.dll
0x00007ff963760000 - 0x00007ff96378e000 	C:\WINDOWS\System32\IMM32.DLL
0x0000000060080000 - 0x0000000060152000 	C:\Program Files\Android\Android Studio\jre\jre\bin\msvcr100.dll
0x0000000060240000 - 0x0000000060a86000 	C:\Program Files\Android\Android Studio\jre\jre\bin\server\jvm.dll
0x00007ff9646c0000 - 0x00007ff9646c8000 	C:\WINDOWS\System32\PSAPI.DLL
0x00007ff952f80000 - 0x00007ff952f89000 	C:\WINDOWS\SYSTEM32\WSOCK32.dll
0x00007ff95e910000 - 0x00007ff95e934000 	C:\WINDOWS\SYSTEM32\WINMM.dll
0x00007ff964930000 - 0x00007ff96499f000 	C:\WINDOWS\System32\WS2_32.dll
0x00007ff955f90000 - 0x00007ff955f9a000 	C:\WINDOWS\SYSTEM32\VERSION.dll
0x00007ff95e8e0000 - 0x00007ff95e90d000 	C:\WINDOWS\SYSTEM32\winmmbase.dll
0x00007ff9624a0000 - 0x00007ff9624ea000 	C:\WINDOWS\System32\cfgmgr32.dll
0x00007ff94a8c0000 - 0x00007ff94a8cf000 	C:\Program Files\Android\Android Studio\jre\jre\bin\verify.dll
0x00007ff92fbc0000 - 0x00007ff92fbe9000 	C:\Program Files\Android\Android Studio\jre\jre\bin\java.dll
0x00007ff92f7d0000 - 0x00007ff92f7e6000 	C:\Program Files\Android\Android Studio\jre\jre\bin\zip.dll
0x00007ff962be0000 - 0x00007ff9632c5000 	C:\WINDOWS\System32\SHELL32.dll
0x00007ff963e30000 - 0x00007ff963ed9000 	C:\WINDOWS\System32\shcore.dll
0x00007ff961cc0000 - 0x00007ff962440000 	C:\WINDOWS\System32\windows.storage.dll
0x00007ff961920000 - 0x00007ff961943000 	C:\WINDOWS\System32\profapi.dll
0x00007ff9618d0000 - 0x00007ff96191a000 	C:\WINDOWS\System32\powrprof.dll
0x00007ff9618a0000 - 0x00007ff9618b0000 	C:\WINDOWS\System32\UMPDC.dll
0x00007ff964650000 - 0x00007ff9646a2000 	C:\WINDOWS\System32\shlwapi.dll
0x00007ff9618b0000 - 0x00007ff9618c1000 	C:\WINDOWS\System32\kernel.appcore.dll
0x00007ff9624f0000 - 0x00007ff962507000 	C:\WINDOWS\System32\cryptsp.dll
0x00007ff92f600000 - 0x00007ff92f61a000 	C:\Program Files\Android\Android Studio\jre\jre\bin\net.dll
0x00007ff953260000 - 0x00007ff953435000 	C:\WINDOWS\SYSTEM32\urlmon.dll
0x00007ff94ff10000 - 0x00007ff9501b6000 	C:\WINDOWS\SYSTEM32\iertutil.dll
0x00007ff961280000 - 0x00007ff96128c000 	C:\WINDOWS\SYSTEM32\CRYPTBASE.DLL
0x00007ff9610b0000 - 0x00007ff961117000 	C:\WINDOWS\system32\mswsock.dll
0x00007ff92a750000 - 0x00007ff92a763000 	C:\Program Files\Android\Android Studio\jre\jre\bin\nio.dll
0x00007ff93aa50000 - 0x00007ff93aa76000 	C:\Users\Abhishek\.gradle\native\30\windows-amd64\native-platform.dll
0x00007ff94a3e0000 - 0x00007ff94a3ed000 	C:\Program Files\Android\Android Studio\jre\jre\bin\management.dll
0x00007ff960c20000 - 0x00007ff960c53000 	C:\WINDOWS\system32\rsaenh.dll
0x00007ff9629b0000 - 0x00007ff9629d6000 	C:\WINDOWS\System32\bcrypt.dll
0x00007ff961790000 - 0x00007ff9617b5000 	C:\WINDOWS\SYSTEM32\USERENV.dll
0x00007ff960dc0000 - 0x00007ff960dfa000 	C:\WINDOWS\SYSTEM32\IPHLPAPI.DLL
0x00007ff9646b0000 - 0x00007ff9646b8000 	C:\WINDOWS\System32\NSI.dll
0x00007ff955c70000 - 0x00007ff955c86000 	C:\WINDOWS\SYSTEM32\dhcpcsvc6.DLL
0x00007ff955c50000 - 0x00007ff955c6c000 	C:\WINDOWS\SYSTEM32\dhcpcsvc.DLL
0x00007ff960e10000 - 0x00007ff960eda000 	C:\WINDOWS\SYSTEM32\DNSAPI.dll
0x00007ff959a70000 - 0x00007ff959a94000 	C:\Program Files\Android\Android Studio\jre\jre\bin\sunec.dll
0x00007ff952f00000 - 0x00007ff952f0a000 	C:\Windows\System32\rasadhlp.dll
0x00007ff955e30000 - 0x00007ff955ea7000 	C:\WINDOWS\System32\fwpuclnt.dll
0x00007ff94a2b0000 - 0x00007ff94a2bb000 	C:\Program Files\Android\Android Studio\jre\jre\bin\sunmscapi.dll
0x00007ff962860000 - 0x00007ff9629a9000 	C:\WINDOWS\System32\CRYPT32.dll
0x00007ff961950000 - 0x00007ff961962000 	C:\WINDOWS\System32\MSASN1.dll
0x00007ff959690000 - 0x00007ff9596ae000 	C:\Users\Abhishek\AppData\Local\Temp\native-platform4407796618371889320dir\native-platform.dll

VM Arguments:
jvm_args: -Xmx1536m -Dfile.encoding=windows-1252 -Duser.country=IN -Duser.language=en -Duser.variant 
java_command: org.gradle.launcher.daemon.bootstrap.GradleDaemon 5.6.4
java_class_path (initial): C:\Users\Abhishek\.gradle\wrapper\dists\gradle-5.6.4-all\ankdp27end7byghfw1q2sw75f\gradle-5.6.4\lib\gradle-launcher-5.6.4.jar
Launcher Type: SUN_STANDARD

Environment Variables:
PATH=C:\WINDOWS\system32;C:\WINDOWS;C:\WINDOWS\System32\Wbem;C:\WINDOWS\System32\WindowsPowerShell\v1.0\;C:\WINDOWS\System32\OpenSSH\;C:\Program Files\nodejs\;C:\Program Files\Git\cmd;C:\Users\Abhishek\AppData\Local\Microsoft\WindowsApps;C:\Users\Abhishek\AppData\Roaming\npm;
USERNAME=Abhishek
OS=Windows_NT
PROCESSOR_IDENTIFIER=Intel64 Family 6 Model 78 Stepping 3, GenuineIntel



---------------  S Y S T E M  ---------------

OS: Windows 10.0 , 64 bit Build 18362 (10.0.18362.778)

CPU:total 4 (initial active 4) (2 cores per cpu, 2 threads per core) family 6 model 78 stepping 3, cmov, cx8, fxsr, mmx, sse, sse2, sse3, ssse3, sse4.1, sse4.2, popcnt, avx, avx2, aes, clmul, erms, 3dnowpref, lzcnt, ht, tsc, tscinvbit, bmi1, bmi2, adx

Memory: 4k page, physical 8251176k(536884k free), swap 33417000k(504k free)

vm_info: OpenJDK 64-Bit Server VM (25.212-b04) for windows-amd64 JRE (1.8.0_212-release-1586-b04), built by "builder" with MS VC++ 10.0 (VS2010)

time: Fri May 29 14:12:38 2020
timezone: India Standard Time
elapsed time: 943 seconds (0d 0h 15m 43s)

