#
# There is insufficient memory for the Java Runtime Environment to continue.
# Native memory allocation (malloc) failed to allocate 1048576 bytes for AllocateHeap
# Possible reasons:
#   The system is out of physical RAM or swap space
#   The process is running with CompressedOops enabled, and the Java Heap may be blocking the growth of the native heap
# Possible solutions:
#   Reduce memory load on the system
#   Increase physical memory or swap space
#   Check if swap backing store is full
#   Decrease Java heap size (-Xmx/-Xms)
#   Decrease number of Java threads
#   Decrease Java thread stack sizes (-Xss)
#   Set larger code cache with -XX:ReservedCodeCacheSize=
#   JVM is running with Unscaled Compressed Oops mode in which the Java heap is
#     placed in the first 4GB address space. The Java Heap base address is the
#     maximum limit for the native heap growth. Please use -XX:HeapBaseMinAddress
#     to set the Java Heap base and to place the Java Heap above 4GB virtual address.
# This output file may be truncated or incomplete.
#
#  Out of Memory Error (memory/allocation.inline.hpp:61), pid=10836, tid=0x00000000000036fc
#
# JRE version:  (8.0_212-b04) (build )
# Java VM: OpenJDK 64-Bit Server VM (25.212-b04 mixed mode windows-amd64 compressed oops)
# Failed to write core dump. Minidumps are not enabled by default on client versions of Windows
#

---------------  T H R E A D  ---------------

Current thread (0x0000000002729800):  JavaThread "Unknown thread" [_thread_in_vm, id=14076, stack(0x00000000025e0000,0x00000000026e0000)]

Stack: [0x00000000025e0000,0x00000000026e0000]
[error occurred during error reporting (printing stack bounds), id 0xc0000005]

Native frames: (J=compiled Java code, j=interpreted, Vv=VM code, C=native code)


---------------  P R O C E S S  ---------------

Java Threads: ( => current thread )

Other Threads:

=>0x0000000002729800 (exited) JavaThread "Unknown thread" [_thread_in_vm, id=14076, stack(0x00000000025e0000,0x00000000026e0000)]

VM state:not at safepoint (normal execution)

VM Mutex/Monitor currently owned by a thread: None

heap address: 0x0000000082000000, size: 2016 MB, Compressed Oops mode: 32-bit
Narrow klass base: 0x0000000000000000, Narrow klass shift: 3
Compressed class space size: 1073741824 Address: 0x0000000100000000

Heap:
 PSYoungGen      total 37888K, used 655K [0x00000000d6000000, 0x00000000d8a00000, 0x0000000100000000)
  eden space 32768K, 2% used [0x00000000d6000000,0x00000000d60a3d80,0x00000000d8000000)
  from space 5120K, 0% used [0x00000000d8500000,0x00000000d8500000,0x00000000d8a00000)
  to   space 5120K, 0% used [0x00000000d8000000,0x00000000d8000000,0x00000000d8500000)
 ParOldGen       total 86016K, used 0K [0x0000000082000000, 0x0000000087400000, 0x00000000d6000000)
  object space 86016K, 0% used [0x0000000082000000,0x0000000082000000,0x0000000087400000)
 Metaspace       used 778K, capacity 4480K, committed 4480K, reserved 1056768K
  class space    used 74K, capacity 384K, committed 384K, reserved 1048576K

Card table byte_map: [0x0000000011be0000,0x0000000011fe0000] byte_map_base: 0x00000000117d0000

Marking Bits: (ParMarkBitMap*) 0x000000006b359f30
 Begin Bits: [0x0000000012680000, 0x0000000014600000)
 End Bits:   [0x0000000014600000, 0x0000000016580000)

Polling page: 0x00000000003f0000

CodeCache: size=245760Kb used=328Kb max_used=328Kb free=245431Kb
 bounds [0x0000000002820000, 0x0000000002a90000, 0x0000000011820000]
 total_blobs=57 nmethods=0 adapters=38
 compilation: enabled

Compilation events (0 events):
No events

GC Heap History (0 events):
No events

Deoptimization events (0 events):
No events

Classes redefined (0 events):
No events

Internal exceptions (0 events):
No events

Events (10 events):
Event: 0.038 loading class java/lang/Short
Event: 0.039 loading class java/lang/Short done
Event: 0.039 loading class java/lang/Integer
Event: 0.039 loading class java/lang/Integer done
Event: 0.039 loading class java/lang/Long
Event: 0.039 loading class java/lang/Long done
Event: 0.040 loading class java/lang/NullPointerException
Event: 0.040 loading class java/lang/NullPointerException done
Event: 0.040 loading class java/lang/ArithmeticException
Event: 0.040 loading class java/lang/ArithmeticException done


Dynamic libraries:
0x00007ff7bec20000 - 0x00007ff7bec51000 	C:\Program Files\Android\Android Studio\jre\jre\bin\java.exe
0x00007ffca3000000 - 0x00007ffca31f0000 	C:\WINDOWS\SYSTEM32\ntdll.dll
0x00007ffca2240000 - 0x00007ffca22f2000 	C:\WINDOWS\System32\KERNEL32.DLL
0x00007ffca0be0000 - 0x00007ffca0e83000 	C:\WINDOWS\System32\KERNELBASE.dll
0x00007ffca1c70000 - 0x00007ffca1d13000 	C:\WINDOWS\System32\ADVAPI32.dll
0x00007ffca1290000 - 0x00007ffca132e000 	C:\WINDOWS\System32\msvcrt.dll
0x00007ffca1a90000 - 0x00007ffca1b27000 	C:\WINDOWS\System32\sechost.dll
0x00007ffca1910000 - 0x00007ffca1a30000 	C:\WINDOWS\System32\RPCRT4.dll
0x00007ffca2370000 - 0x00007ffca2504000 	C:\WINDOWS\System32\USER32.dll
0x00007ffca0a10000 - 0x00007ffca0a31000 	C:\WINDOWS\System32\win32u.dll
0x00007ffca1d90000 - 0x00007ffca1db6000 	C:\WINDOWS\System32\GDI32.dll
0x00007ffca0a40000 - 0x00007ffca0bd4000 	C:\WINDOWS\System32\gdi32full.dll
0x00007ffca0f60000 - 0x00007ffca0ffe000 	C:\WINDOWS\System32\msvcp_win.dll
0x00007ffca08c0000 - 0x00007ffca09ba000 	C:\WINDOWS\System32\ucrtbase.dll
0x00007ffc90a70000 - 0x00007ffc90cf5000 	C:\WINDOWS\WinSxS\amd64_microsoft.windows.common-controls_6595b64144ccf1df_6.0.18362.778_none_e6c6b761130d4fb8\COMCTL32.dll
0x00007ffca1460000 - 0x00007ffca1796000 	C:\WINDOWS\System32\combase.dll
0x00007ffca0ee0000 - 0x00007ffca0f60000 	C:\WINDOWS\System32\bcryptPrimitives.dll
0x00007ffca1800000 - 0x00007ffca182e000 	C:\WINDOWS\System32\IMM32.DLL
0x000000006a9d0000 - 0x000000006aaa2000 	C:\Program Files\Android\Android Studio\jre\jre\bin\msvcr100.dll
0x000000006ab90000 - 0x000000006b3d6000 	C:\Program Files\Android\Android Studio\jre\jre\bin\server\jvm.dll
0x00007ffca1900000 - 0x00007ffca1908000 	C:\WINDOWS\System32\PSAPI.DLL
0x00007ffc8a280000 - 0x00007ffc8a289000 	C:\WINDOWS\SYSTEM32\WSOCK32.dll
0x00007ffc9d390000 - 0x00007ffc9d3b4000 	C:\WINDOWS\SYSTEM32\WINMM.dll
0x00007ffca1d20000 - 0x00007ffca1d8f000 	C:\WINDOWS\System32\WS2_32.dll
0x00007ffc97a00000 - 0x00007ffc97a0a000 	C:\WINDOWS\SYSTEM32\VERSION.dll
0x00007ffc9cff0000 - 0x00007ffc9d01d000 	C:\WINDOWS\SYSTEM32\WINMMBASE.dll
0x00007ffca09c0000 - 0x00007ffca0a0a000 	C:\WINDOWS\System32\cfgmgr32.dll
0x00007ffc99110000 - 0x00007ffc9911f000 	C:\Program Files\Android\Android Studio\jre\jre\bin\verify.dll
0x00007ffc8e5a0000 - 0x00007ffc8e5c9000 	C:\Program Files\Android\Android Studio\jre\jre\bin\java.dll
0x00007ffc8e9f0000 - 0x00007ffc8ea06000 	C:\Program Files\Android\Android Studio\jre\jre\bin\zip.dll

VM Arguments:
java_command: org.jetbrains.kotlin.cli.jvm.K2JVMCompiler -Xallow-no-source-files -classpath C:\Users\Abhishek\StudioProjects\studypdf\app\build\intermediates\compile_and_runtime_not_namespaced_r_class_jar\debug\R.jar;C:\Users\Abhishek\.gradle\caches\transforms-2\files-2.1\33d52a5d61df2acadda3acd18d78d2c6\jetified-kotlin-android-extensions-runtime-1.3.61.jar;C:\Users\Abhishek\.gradle\caches\transforms-2\files-2.1\4f3ef7f3ed36dfcf31227e8cb6406390\jetified-AppIntro-5.1.0-api.jar;C:\Users\Abhishek\.gradle\caches\transforms-2\files-2.1\9728c27c135e2eb7537b38d51c5051ed\jetified-firebase-database-ktx-19.2.1-api.jar;C:\Users\Abhishek\.gradle\caches\transforms-2\files-2.1\95218c32970676d430186f937d76d131\jetified-firebase-common-ktx-19.3.0-api.jar;C:\Users\Abhishek\.gradle\caches\transforms-2\files-2.1\f09a58923cded79e742d31ebeba9becb\jetified-kotlin-stdlib-jdk7-1.3.61.jar;C:\Users\Abhishek\.gradle\caches\transforms-2\files-2.1\88aeee08202531f7e061a29eab204053\jetified-core-ktx-1.2.0-api.jar;C:\Users\Abhishek\.gradle\caches\transforms-2\files-2.1\6d2431c747dcf174de80255a053dab24\jetified-kotlin-stdlib-1.3.61.jar;C:\Users\Abhishek\.gradle\caches\transforms-2\files-2.1\7f8e2e6e16f6459ddda87114d3d81c98\jetified-kotlin-stdlib-common-1.3.61.jar;C:\Users\Abhishek\.gradle\caches\transforms-2\files-2.1\e3380e9fbdda47a0978c812d6c294f7c\jetified-annotations-13.0.jar;C:\Users\Abhishek\.gradle\caches\transforms-2\files-2.1\075578769fa70943238d151fb79cffd4\material-1.1.0-alpha10-api.jar;C:\Users\Abhishek\.gradle\caches\transforms-2\files-2.1\49e81b91ec86ae95e212c4692d10f1d8\appcompat-1.1.0-api.jar;C:\Users\Abhishek\.gradle\caches\transforms-2\files-2.1\327ad16d46cad28ae61a7c690dc8ce47\jetified-viewpager2-1.0.0-beta03-api.jar;C:\Users\Abhishek\.gradle\caches\transforms-2\files-2.1\b0f6c99fbc3529254491ab544b9ad3fc\recyclerview-1.1.0-beta01-api.jar;C:\Users\Abhishek\.gradle\caches\transforms-2\files-2.1\8169de42c4523c7835c820a17b8fc2af\legacy-support-v4-1.0.0-api.jar;C:\Users\Abhishek\.gr
java_class_path (initial): C:\Users\Abhishek\.gradle\caches\modules-2\files-2.1\org.jetbrains.kotlin\kotlin-compiler-embeddable\1.3.61\c35c0833d5a1e3d229359758482c480306724618\kotlin-compiler-embeddable-1.3.61.jar;C:\Users\Abhishek\.gradle\caches\modules-2\files-2.1\org.jetbrains.kotlin\kotlin-reflect\1.3.61\2e07c9a84c9e118efb70eede7e579fd663932122\kotlin-reflect-1.3.61.jar;C:\Users\Abhishek\.gradle\caches\modules-2\files-2.1\org.jetbrains.kotlin\kotlin-stdlib\1.3.61\4702105e97f7396ae41b113fdbdc180ec1eb1e36\kotlin-stdlib-1.3.61.jar;C:\Users\Abhishek\.gradle\caches\modules-2\files-2.1\org.jetbrains.kotlin\kotlin-script-runtime\1.3.61\e5feb39c8de63dcbdc1154b34ca4413874231605\kotlin-script-runtime-1.3.61.jar;C:\Users\Abhishek\.gradle\caches\modules-2\files-2.1\org.jetbrains.kotlin\kotlin-daemon-embeddable\1.3.61\4de83e41a92c8395d89ab2e81d26b788ba163824\kotlin-daemon-embeddable-1.3.61.jar;C:\Users\Abhishek\.gradle\caches\modules-2\files-2.1\org.jetbrains.intellij.deps\trove4j\1.0.20181211\216c2e14b070f334479d800987affe4054cd563f\trove4j-1.0.20181211.jar;C:\Users\Abhishek\.gradle\caches\modules-2\files-2.1\org.jetbrains.kotlin\kotlin-stdlib-common\1.3.61\65abb71d5afb850b68be03987b08e2c864ca3110\kotlin-stdlib-common-1.3.61.jar;C:\Users\Abhishek\.gradle\caches\modules-2\files-2.1\org.jetbrains\annotations\13.0\919f0dfe192fb4e063e7dacadee7f8bb9a2672a9\annotations-13.0.jar;C:\Program Files\Android\Android Studio\jre\lib\tools.jar
Launcher Type: SUN_STANDARD

Environment Variables:
PATH=C:\WINDOWS\system32;C:\WINDOWS;C:\WINDOWS\System32\Wbem;C:\WINDOWS\System32\WindowsPowerShell\v1.0\;C:\WINDOWS\System32\OpenSSH\;C:\Program Files\nodejs\;C:\Program Files\Git\cmd;C:\Users\Abhishek\AppData\Local\Microsoft\WindowsApps;C:\Users\Abhishek\AppData\Roaming\npm;
USERNAME=Abhishek
OS=Windows_NT
PROCESSOR_IDENTIFIER=Intel64 Family 6 Model 78 Stepping 3, GenuineIntel



---------------  S Y S T E M  ---------------

OS: Windows 10.0 , 64 bit Build 18362 (10.0.18362.778)

CPU:total 4 (initial active 4) (2 cores per cpu, 2 threads per core) family 6 model 78 stepping 3, cmov, cx8, fxsr, mmx, sse, sse2, sse3, ssse3, sse4.1, sse4.2, popcnt, avx, avx2, aes, clmul, erms, 3dnowpref, lzcnt, ht, tsc, tscinvbit, bmi1, bmi2, adx

Memory: 4k page, physical 8251176k(840032k free), swap 33417000k(4356k free)

vm_info: OpenJDK 64-Bit Server VM (25.212-b04) for windows-amd64 JRE (1.8.0_212-release-1586-b04), built by "builder" with MS VC++ 10.0 (VS2010)

time: Sat May 16 18:32:19 2020
timezone: India Standard Time
elapsed time: 0 seconds (0d 0h 0m 0s)

