#
# There is insufficient memory for the Java Runtime Environment to continue.
# Native memory allocation (malloc) failed to allocate 627056 bytes for Chunk::new
# Possible reasons:
#   The system is out of physical RAM or swap space
#   The process is running with CompressedOops enabled, and the Java Heap may be blocking the growth of the native heap
# Possible solutions:
#   Reduce memory load on the system
#   Increase physical memory or swap space
#   Check if swap backing store is full
#   Decrease Java heap size (-Xmx/-Xms)
#   Decrease number of Java threads
#   Decrease Java thread stack sizes (-Xss)
#   Set larger code cache with -XX:ReservedCodeCacheSize=
#   JVM is running with Unscaled Compressed Oops mode in which the Java heap is
#     placed in the first 4GB address space. The Java Heap base address is the
#     maximum limit for the native heap growth. Please use -XX:HeapBaseMinAddress
#     to set the Java Heap base and to place the Java Heap above 4GB virtual address.
# This output file may be truncated or incomplete.
#
#  Out of Memory Error (allocation.cpp:389), pid=8096, tid=0x00000000000028a4
#
# JRE version: OpenJDK Runtime Environment (8.0_212-b04) (build 1.8.0_212-release-1586-b04)
# Java VM: OpenJDK 64-Bit Server VM (25.212-b04 mixed mode windows-amd64 compressed oops)
# Failed to write core dump. Minidumps are not enabled by default on client versions of Windows
#

---------------  T H R E A D  ---------------

Current thread (0x0000000017246800):  JavaThread "C2 CompilerThread0" daemon [_thread_in_native, id=10404, stack(0x00000000188a0000,0x00000000189a0000)]

Stack: [0x00000000188a0000,0x00000000189a0000]
[error occurred during error reporting (printing stack bounds), id 0xc0000005]

Native frames: (J=compiled Java code, j=interpreted, Vv=VM code, C=native code)


Current CompileTask:
C2:   6424 3228       4       org.jetbrains.org.objectweb.asm.ClassReader::readMethod (1047 bytes)


---------------  P R O C E S S  ---------------

Java Threads: ( => current thread )
  0x0000000018be0000 JavaThread "Service Thread" daemon [_thread_blocked, id=6128, stack(0x0000000018fa0000,0x00000000190a0000)]
  0x0000000017252000 JavaThread "C1 CompilerThread2" daemon [_thread_blocked, id=5604, stack(0x0000000018aa0000,0x0000000018ba0000)]
  0x000000001724b800 JavaThread "C2 CompilerThread1" daemon [_thread_in_native, id=10692, stack(0x00000000189a0000,0x0000000018aa0000)]
=>0x0000000017246800 JavaThread "C2 CompilerThread0" daemon [_thread_in_native, id=10404, stack(0x00000000188a0000,0x00000000189a0000)]
  0x0000000017244000 JavaThread "Attach Listener" daemon [_thread_blocked, id=3988, stack(0x00000000187a0000,0x00000000188a0000)]
  0x0000000017242800 JavaThread "Signal Dispatcher" daemon [_thread_blocked, id=10792, stack(0x00000000186a0000,0x00000000187a0000)]
  0x000000000274e000 JavaThread "Finalizer" daemon [_thread_blocked, id=3036, stack(0x00000000184a0000,0x00000000185a0000)]
  0x0000000017229000 JavaThread "Reference Handler" daemon [_thread_blocked, id=3156, stack(0x00000000183a0000,0x00000000184a0000)]
  0x0000000002659800 JavaThread "main" [_thread_in_Java, id=868, stack(0x0000000002550000,0x0000000002650000)]

Other Threads:
  0x0000000017206000 VMThread [stack: 0x00000000182a0000,0x00000000183a0000] [id=1456]
  0x0000000017282800 WatcherThread [stack: 0x00000000190a0000,0x00000000191a0000] [id=13644]

VM state:not at safepoint (normal execution)

VM Mutex/Monitor currently owned by a thread: None

heap address: 0x0000000082000000, size: 2016 MB, Compressed Oops mode: 32-bit
Narrow klass base: 0x0000000000000000, Narrow klass shift: 3
Compressed class space size: 1073741824 Address: 0x0000000100000000

Heap:
 PSYoungGen      total 81920K, used 32749K [0x00000000d6000000, 0x00000000dc400000, 0x0000000100000000)
  eden space 65536K, 49% used [0x00000000d6000000,0x00000000d7ffb770,0x00000000da000000)
  from space 16384K, 0% used [0x00000000db400000,0x00000000db400000,0x00000000dc400000)
  to   space 5120K, 0% used [0x00000000da000000,0x00000000da000000,0x00000000da500000)
 ParOldGen       total 66048K, used 25641K [0x0000000082000000, 0x0000000086080000, 0x00000000d6000000)
  object space 66048K, 38% used [0x0000000082000000,0x000000008390a4a8,0x0000000086080000)
 Metaspace       used 37275K, capacity 37843K, committed 38144K, reserved 1083392K
  class space    used 4701K, capacity 4859K, committed 4864K, reserved 1048576K

Card table byte_map: [0x0000000011b10000,0x0000000011f10000] byte_map_base: 0x0000000011700000

Marking Bits: (ParMarkBitMap*) 0x000000006d479f30
 Begin Bits: [0x00000000125b0000, 0x0000000014530000)
 End Bits:   [0x0000000014530000, 0x00000000164b0000)

Polling page: 0x00000000007a0000

CodeCache: size=245760Kb used=10717Kb max_used=10717Kb free=235042Kb
 bounds [0x0000000002750000, 0x00000000031e0000, 0x0000000011750000]
 total_blobs=3731 nmethods=3294 adapters=350
 compilation: enabled

Compilation events (10 events):
Event: 6.417 Thread 0x0000000017252000 nmethod 3303 0x00000000031c7790 code [0x00000000031c7900, 0x00000000031c7a88]
Event: 6.417 Thread 0x0000000017252000 3305       3       org.jetbrains.kotlin.metadata.jvm.JvmProtoBuf$JvmMethodSignature::initFields (11 bytes)
Event: 6.418 Thread 0x0000000017252000 nmethod 3305 0x00000000031c7b50 code [0x00000000031c7ca0, 0x00000000031c7e10]
Event: 6.418 Thread 0x0000000017252000 3306       3       org.jetbrains.kotlin.metadata.jvm.JvmProtoBuf$JvmMethodSignature$1::parsePartialFrom (7 bytes)
Event: 6.418 Thread 0x0000000017252000 nmethod 3306 0x00000000031c7e90 code [0x00000000031c8000, 0x00000000031c8328]
Event: 6.418 Thread 0x0000000017252000 3307       3       org.jetbrains.kotlin.metadata.jvm.JvmProtoBuf$JvmMethodSignature$1::parsePartialFrom (11 bytes)
Event: 6.418 Thread 0x0000000017252000 nmethod 3307 0x00000000031c8490 code [0x00000000031c8600, 0x00000000031c8848]
Event: 6.418 Thread 0x0000000017252000 3308       3       org.jetbrains.kotlin.metadata.jvm.JvmProtoBuf$JvmMethodSignature::<init> (7 bytes)
Event: 6.418 Thread 0x0000000017252000 nmethod 3308 0x00000000031c8950 code [0x00000000031c8ac0, 0x00000000031c8c48]
Event: 6.418 Thread 0x0000000017252000 3290       3       org.jetbrains.kotlin.protobuf.FieldSet::writeElementNoTag (378 bytes)

GC Heap History (10 events):
Event: 2.569 GC heap before
{Heap before GC invocations=4 (full 1):
 PSYoungGen      total 37888K, used 5089K [0x00000000d6000000, 0x00000000daa00000, 0x0000000100000000)
  eden space 32768K, 0% used [0x00000000d6000000,0x00000000d6000000,0x00000000d8000000)
  from space 5120K, 99% used [0x00000000d8000000,0x00000000d84f8640,0x00000000d8500000)
  to   space 5120K, 0% used [0x00000000da500000,0x00000000da500000,0x00000000daa00000)
 ParOldGen       total 86016K, used 11547K [0x0000000082000000, 0x0000000087400000, 0x00000000d6000000)
  object space 86016K, 13% used [0x0000000082000000,0x0000000082b46d18,0x0000000087400000)
 Metaspace       used 20752K, capacity 21130K, committed 21296K, reserved 1069056K
  class space    used 2466K, capacity 2621K, committed 2688K, reserved 1048576K
Event: 2.627 GC heap after
Heap after GC invocations=4 (full 1):
 PSYoungGen      total 37888K, used 0K [0x00000000d6000000, 0x00000000daa00000, 0x0000000100000000)
  eden space 32768K, 0% used [0x00000000d6000000,0x00000000d6000000,0x00000000d8000000)
  from space 5120K, 0% used [0x00000000d8000000,0x00000000d8000000,0x00000000d8500000)
  to   space 5120K, 0% used [0x00000000da500000,0x00000000da500000,0x00000000daa00000)
 ParOldGen       total 66048K, used 8963K [0x0000000082000000, 0x0000000086080000, 0x00000000d6000000)
  object space 66048K, 13% used [0x0000000082000000,0x00000000828c0f60,0x0000000086080000)
 Metaspace       used 20752K, capacity 21130K, committed 21296K, reserved 1069056K
  class space    used 2466K, capacity 2621K, committed 2688K, reserved 1048576K
}
Event: 3.512 GC heap before
{Heap before GC invocations=5 (full 1):
 PSYoungGen      total 37888K, used 32768K [0x00000000d6000000, 0x00000000daa00000, 0x0000000100000000)
  eden space 32768K, 100% used [0x00000000d6000000,0x00000000d8000000,0x00000000d8000000)
  from space 5120K, 0% used [0x00000000d8000000,0x00000000d8000000,0x00000000d8500000)
  to   space 5120K, 0% used [0x00000000da500000,0x00000000da500000,0x00000000daa00000)
 ParOldGen       total 66048K, used 8963K [0x0000000082000000, 0x0000000086080000, 0x00000000d6000000)
  object space 66048K, 13% used [0x0000000082000000,0x00000000828c0f60,0x0000000086080000)
 Metaspace       used 23674K, capacity 24100K, committed 24320K, reserved 1071104K
  class space    used 2852K, capacity 2986K, committed 3072K, reserved 1048576K
Event: 3.536 GC heap after
Heap after GC invocations=5 (full 1):
 PSYoungGen      total 53248K, used 5111K [0x00000000d6000000, 0x00000000daa00000, 0x0000000100000000)
  eden space 48128K, 0% used [0x00000000d6000000,0x00000000d6000000,0x00000000d8f00000)
  from space 5120K, 99% used [0x00000000da500000,0x00000000da9fdee0,0x00000000daa00000)
  to   space 5120K, 0% used [0x00000000da000000,0x00000000da000000,0x00000000da500000)
 ParOldGen       total 66048K, used 10920K [0x0000000082000000, 0x0000000086080000, 0x00000000d6000000)
  object space 66048K, 16% used [0x0000000082000000,0x0000000082aaa140,0x0000000086080000)
 Metaspace       used 23674K, capacity 24100K, committed 24320K, reserved 1071104K
  class space    used 2852K, capacity 2986K, committed 3072K, reserved 1048576K
}
Event: 4.808 GC heap before
{Heap before GC invocations=6 (full 1):
 PSYoungGen      total 53248K, used 53239K [0x00000000d6000000, 0x00000000daa00000, 0x0000000100000000)
  eden space 48128K, 100% used [0x00000000d6000000,0x00000000d8f00000,0x00000000d8f00000)
  from space 5120K, 99% used [0x00000000da500000,0x00000000da9fdee0,0x00000000daa00000)
  to   space 5120K, 0% used [0x00000000da000000,0x00000000da000000,0x00000000da500000)
 ParOldGen       total 66048K, used 10920K [0x0000000082000000, 0x0000000086080000, 0x00000000d6000000)
  object space 66048K, 16% used [0x0000000082000000,0x0000000082aaa140,0x0000000086080000)
 Metaspace       used 32040K, capacity 32489K, committed 32640K, reserved 1077248K
  class space    used 4069K, capacity 4210K, committed 4224K, reserved 1048576K
Event: 4.827 GC heap after
Heap after GC invocations=6 (full 1):
 PSYoungGen      total 70656K, used 5111K [0x00000000d6000000, 0x00000000dc400000, 0x0000000100000000)
  eden space 65536K, 0% used [0x00000000d6000000,0x00000000d6000000,0x00000000da000000)
  from space 5120K, 99% used [0x00000000da000000,0x00000000da4fdda0,0x00000000da500000)
  to   space 16384K, 0% used [0x00000000db400000,0x00000000db400000,0x00000000dc400000)
 ParOldGen       total 66048K, used 23050K [0x0000000082000000, 0x0000000086080000, 0x00000000d6000000)
  object space 66048K, 34% used [0x0000000082000000,0x0000000083682be8,0x0000000086080000)
 Metaspace       used 32040K, capacity 32489K, committed 32640K, reserved 1077248K
  class space    used 4069K, capacity 4210K, committed 4224K, reserved 1048576K
}
Event: 5.391 GC heap before
{Heap before GC invocations=7 (full 1):
 PSYoungGen      total 70656K, used 17467K [0x00000000d6000000, 0x00000000dc400000, 0x0000000100000000)
  eden space 65536K, 18% used [0x00000000d6000000,0x00000000d6c11070,0x00000000da000000)
  from space 5120K, 99% used [0x00000000da000000,0x00000000da4fdda0,0x00000000da500000)
  to   space 16384K, 0% used [0x00000000db400000,0x00000000db400000,0x00000000dc400000)
 ParOldGen       total 66048K, used 23050K [0x0000000082000000, 0x0000000086080000, 0x00000000d6000000)
  object space 66048K, 34% used [0x0000000082000000,0x0000000083682be8,0x0000000086080000)
 Metaspace       used 34821K, capacity 35359K, committed 35496K, reserved 1081344K
  class space    used 4426K, capacity 4591K, committed 4608K, reserved 1048576K
Event: 5.404 GC heap after
Heap after GC invocations=7 (full 1):
 PSYoungGen      total 81920K, used 8413K [0x00000000d6000000, 0x00000000dc400000, 0x0000000100000000)
  eden space 65536K, 0% used [0x00000000d6000000,0x00000000d6000000,0x00000000da000000)
  from space 16384K, 51% used [0x00000000db400000,0x00000000dbc377e8,0x00000000dc400000)
  to   space 5120K, 0% used [0x00000000da000000,0x00000000da000000,0x00000000da500000)
 ParOldGen       total 66048K, used 23058K [0x0000000082000000, 0x0000000086080000, 0x00000000d6000000)
  object space 66048K, 34% used [0x0000000082000000,0x0000000083684be8,0x0000000086080000)
 Metaspace       used 34821K, capacity 35359K, committed 35496K, reserved 1081344K
  class space    used 4426K, capacity 4591K, committed 4608K, reserved 1048576K
}
Event: 5.404 GC heap before
{Heap before GC invocations=8 (full 2):
 PSYoungGen      total 81920K, used 8413K [0x00000000d6000000, 0x00000000dc400000, 0x0000000100000000)
  eden space 65536K, 0% used [0x00000000d6000000,0x00000000d6000000,0x00000000da000000)
  from space 16384K, 51% used [0x00000000db400000,0x00000000dbc377e8,0x00000000dc400000)
  to   space 5120K, 0% used [0x00000000da000000,0x00000000da000000,0x00000000da500000)
 ParOldGen       total 66048K, used 23058K [0x0000000082000000, 0x0000000086080000, 0x00000000d6000000)
  object space 66048K, 34% used [0x0000000082000000,0x0000000083684be8,0x0000000086080000)
 Metaspace       used 34821K, capacity 35359K, committed 35496K, reserved 1081344K
  class space    used 4426K, capacity 4591K, committed 4608K, reserved 1048576K
Event: 5.536 GC heap after
Heap after GC invocations=8 (full 2):
 PSYoungGen      total 81920K, used 0K [0x00000000d6000000, 0x00000000dc400000, 0x0000000100000000)
  eden space 65536K, 0% used [0x00000000d6000000,0x00000000d6000000,0x00000000da000000)
  from space 16384K, 0% used [0x00000000db400000,0x00000000db400000,0x00000000dc400000)
  to   space 5120K, 0% used [0x00000000da000000,0x00000000da000000,0x00000000da500000)
 ParOldGen       total 66048K, used 25641K [0x0000000082000000, 0x0000000086080000, 0x00000000d6000000)
  object space 66048K, 38% used [0x0000000082000000,0x000000008390a4a8,0x0000000086080000)
 Metaspace       used 34821K, capacity 35359K, committed 35496K, reserved 1081344K
  class space    used 4426K, capacity 4591K, committed 4608K, reserved 1048576K
}

Deoptimization events (10 events):
Event: 5.241 Thread 0x0000000002659800 Uncommon trap: reason=class_check action=maybe_recompile pc=0x0000000002f42344 method=org.jetbrains.kotlin.com.intellij.lang.impl.PsiBuilderAdapter.eof()Z @ 4
Event: 5.995 Thread 0x0000000002659800 Uncommon trap: reason=unstable_if action=reinterpret pc=0x0000000002ff5aa0 method=java.text.StringCharacterIterator.current()C @ 19
Event: 6.134 Thread 0x0000000002659800 Uncommon trap: reason=bimorphic action=maybe_recompile pc=0x0000000002d29480 method=org.jetbrains.kotlin.protobuf.CodedInputStream.tryRefillBuffer(I)Z @ 177
Event: 6.137 Thread 0x0000000002659800 Uncommon trap: reason=bimorphic action=maybe_recompile pc=0x0000000002d29480 method=org.jetbrains.kotlin.protobuf.CodedInputStream.tryRefillBuffer(I)Z @ 177
Event: 6.139 Thread 0x0000000002659800 Uncommon trap: reason=bimorphic action=maybe_recompile pc=0x0000000002d29480 method=org.jetbrains.kotlin.protobuf.CodedInputStream.tryRefillBuffer(I)Z @ 177
Event: 6.142 Thread 0x0000000002659800 Uncommon trap: reason=bimorphic action=maybe_recompile pc=0x0000000002d29480 method=org.jetbrains.kotlin.protobuf.CodedInputStream.tryRefillBuffer(I)Z @ 177
Event: 6.153 Thread 0x0000000002659800 Uncommon trap: reason=unstable_if action=reinterpret pc=0x00000000030a6df4 method=org.jetbrains.org.objectweb.asm.ClassReader.readUtf(II[C)Ljava/lang/String; @ 41
Event: 6.156 Thread 0x0000000002659800 Uncommon trap: reason=unstable_if action=reinterpret pc=0x0000000003093a98 method=org.jetbrains.org.objectweb.asm.ClassReader.readUtf(II[C)Ljava/lang/String; @ 41
Event: 6.157 Thread 0x0000000002659800 Uncommon trap: reason=unstable_if action=reinterpret pc=0x0000000003058604 method=org.jetbrains.org.objectweb.asm.ClassReader.readUtf(II[C)Ljava/lang/String; @ 41
Event: 6.186 Thread 0x0000000002659800 Uncommon trap: reason=bimorphic action=maybe_recompile pc=0x0000000002d2dc9c method=org.jetbrains.kotlin.protobuf.CodedInputStream.tryRefillBuffer(I)Z @ 177

Classes redefined (0 events):
No events

Internal exceptions (10 events):
Event: 2.005 Thread 0x0000000002659800 Exception <a 'java/lang/NoSuchMethodError': java.lang.Object.lambda$comparing$77a9974f$1(Ljava/util/function/Function;Ljava/lang/Object;Ljava/lang/Object;)I> (0x00000000d60fca18) thrown at [D:\src\AOSP-openjdk-cygwin\jdk8u\hotspot\src\share\vm\interpreter
Event: 2.031 Thread 0x0000000002659800 Exception <a 'java/lang/NoSuchMethodError': java.lang.Object.lambda$static$0()J> (0x00000000d61f57d8) thrown at [D:\src\AOSP-openjdk-cygwin\jdk8u\hotspot\src\share\vm\interpreter\linkResolver.cpp, line 620]
Event: 2.250 Thread 0x0000000002659800 Exception <a 'java/lang/NoSuchMethodError': java.lang.Object.lambda$static$0(I)[Lorg/jetbrains/kotlin/com/intellij/openapi/editor/event/DocumentListener;> (0x00000000d69366e0) thrown at [D:\src\AOSP-openjdk-cygwin\jdk8u\hotspot\src\share\vm\interpreter\li
Event: 2.358 Thread 0x0000000002659800 Exception <a 'java/lang/NoSuchMethodError': java.lang.Object.lambda$static$0(I)[Lorg/jetbrains/kotlin/com/intellij/psi/PsiAnnotation;> (0x00000000d6b39390) thrown at [D:\src\AOSP-openjdk-cygwin\jdk8u\hotspot\src\share\vm\interpreter\linkResolver.cpp, line
Event: 2.528 Thread 0x0000000002659800 Exception <a 'java/lang/NoSuchMethodError': java.lang.Object.lambda$static$0(I)[Lorg/jetbrains/kotlin/com/intellij/psi/PsiElement;> (0x00000000d706bfd0) thrown at [D:\src\AOSP-openjdk-cygwin\jdk8u\hotspot\src\share\vm\interpreter\linkResolver.cpp, line 62
Event: 4.068 Thread 0x0000000002659800 Exception <a 'java/lang/ArrayIndexOutOfBoundsException': 126> (0x00000000d6f2efc8) thrown at [D:\src\AOSP-openjdk-cygwin\jdk8u\hotspot\src\share\vm\interpreter\interpreterRuntime.cpp, line 368]
Event: 4.069 Thread 0x0000000002659800 Exception <a 'java/lang/ArrayIndexOutOfBoundsException': 86> (0x00000000d6f30450) thrown at [D:\src\AOSP-openjdk-cygwin\jdk8u\hotspot\src\share\vm\interpreter\interpreterRuntime.cpp, line 368]
Event: 5.044 Thread 0x0000000002659800 Exception <a 'java/lang/NoSuchMethodError': java.lang.Object.lambda$static$0(I)[Lorg/jetbrains/kotlin/psi/KtExpression;> (0x00000000d65dd6e0) thrown at [D:\src\AOSP-openjdk-cygwin\jdk8u\hotspot\src\share\vm\interpreter\linkResolver.cpp, line 620]
Event: 5.389 Thread 0x0000000002659800 Exception <a 'java/lang/NoSuchMethodError': java.lang.Object.lambda$static$0(I)[Lorg/jetbrains/kotlin/psi/KtDeclaration;> (0x00000000d6b768f0) thrown at [D:\src\AOSP-openjdk-cygwin\jdk8u\hotspot\src\share\vm\interpreter\linkResolver.cpp, line 620]
Event: 5.659 Thread 0x0000000002659800 Exception <a 'java/lang/NoSuchMethodError': java.lang.Object.lambda$static$0(I)[Lorg/jetbrains/kotlin/psi/KtTypeElement;> (0x00000000d6228118) thrown at [D:\src\AOSP-openjdk-cygwin\jdk8u\hotspot\src\share\vm\interpreter\linkResolver.cpp, line 620]

Events (10 events):
Event: 6.252 loading class org/jetbrains/kotlin/types/AbstractTypeConstructor$supertypes$3$2
Event: 6.252 loading class org/jetbrains/kotlin/types/AbstractTypeConstructor$supertypes$3$2 done
Event: 6.253 loading class org/jetbrains/kotlin/types/AbstractTypeConstructor$supertypes$3$3
Event: 6.253 loading class org/jetbrains/kotlin/types/AbstractTypeConstructor$supertypes$3$3 done
Event: 6.256 loading class org/jetbrains/kotlin/utils/SmartList$SingletonIterator
Event: 6.256 loading class org/jetbrains/kotlin/utils/SmartList$SingletonIterator done
Event: 6.256 loading class org/jetbrains/kotlin/utils/SmartList$SingletonIteratorBase
Event: 6.256 loading class org/jetbrains/kotlin/utils/SmartList$SingletonIteratorBase done
Event: 6.339 loading class org/jetbrains/kotlin/metadata/ProtoBuf$1
Event: 6.339 loading class org/jetbrains/kotlin/metadata/ProtoBuf$1 done


Dynamic libraries:
0x00007ff78d9d0000 - 0x00007ff78da01000 	C:\Program Files\Android\Android Studio\jre\jre\bin\java.exe
0x00007ffe798a0000 - 0x00007ffe79a90000 	C:\WINDOWS\SYSTEM32\ntdll.dll
0x00007ffe797a0000 - 0x00007ffe79852000 	C:\WINDOWS\System32\KERNEL32.DLL
0x00007ffe77420000 - 0x00007ffe776c3000 	C:\WINDOWS\System32\KERNELBASE.dll
0x00007ffe77dd0000 - 0x00007ffe77e73000 	C:\WINDOWS\System32\ADVAPI32.dll
0x00007ffe788a0000 - 0x00007ffe7893e000 	C:\WINDOWS\System32\msvcrt.dll
0x00007ffe77ab0000 - 0x00007ffe77b47000 	C:\WINDOWS\System32\sechost.dll
0x00007ffe792a0000 - 0x00007ffe793c0000 	C:\WINDOWS\System32\RPCRT4.dll
0x00007ffe78f70000 - 0x00007ffe79104000 	C:\WINDOWS\System32\USER32.dll
0x00007ffe77920000 - 0x00007ffe77941000 	C:\WINDOWS\System32\win32u.dll
0x00007ffe79700000 - 0x00007ffe79726000 	C:\WINDOWS\System32\GDI32.dll
0x00007ffe76970000 - 0x00007ffe76b04000 	C:\WINDOWS\System32\gdi32full.dll
0x00007ffe76830000 - 0x00007ffe768ce000 	C:\WINDOWS\System32\msvcp_win.dll
0x00007ffe76b10000 - 0x00007ffe76c0a000 	C:\WINDOWS\System32\ucrtbase.dll
0x00007ffe669d0000 - 0x00007ffe66c55000 	C:\WINDOWS\WinSxS\amd64_microsoft.windows.common-controls_6595b64144ccf1df_6.0.18362.778_none_e6c6b761130d4fb8\COMCTL32.dll
0x00007ffe793c0000 - 0x00007ffe796f6000 	C:\WINDOWS\System32\combase.dll
0x00007ffe768f0000 - 0x00007ffe76970000 	C:\WINDOWS\System32\bcryptPrimitives.dll
0x00007ffe791f0000 - 0x00007ffe7921e000 	C:\WINDOWS\System32\IMM32.DLL
0x000000006caf0000 - 0x000000006cbc2000 	C:\Program Files\Android\Android Studio\jre\jre\bin\msvcr100.dll
0x000000006ccb0000 - 0x000000006d4f6000 	C:\Program Files\Android\Android Studio\jre\jre\bin\server\jvm.dll
0x00007ffe79290000 - 0x00007ffe79298000 	C:\WINDOWS\System32\PSAPI.DLL
0x00007ffe65630000 - 0x00007ffe65639000 	C:\WINDOWS\SYSTEM32\WSOCK32.dll
0x00007ffe66c70000 - 0x00007ffe66c7a000 	C:\WINDOWS\SYSTEM32\VERSION.dll
0x00007ffe78db0000 - 0x00007ffe78e1f000 	C:\WINDOWS\System32\WS2_32.dll
0x00007ffe737e0000 - 0x00007ffe73804000 	C:\WINDOWS\SYSTEM32\WINMM.dll
0x00007ffe737b0000 - 0x00007ffe737dd000 	C:\WINDOWS\SYSTEM32\WINMMBASE.dll
0x00007ffe77820000 - 0x00007ffe7786a000 	C:\WINDOWS\System32\cfgmgr32.dll
0x00007ffe6fed0000 - 0x00007ffe6fedf000 	C:\Program Files\Android\Android Studio\jre\jre\bin\verify.dll
0x00007ffe54300000 - 0x00007ffe54329000 	C:\Program Files\Android\Android Studio\jre\jre\bin\java.dll
0x00007ffe599b0000 - 0x00007ffe599c6000 	C:\Program Files\Android\Android Studio\jre\jre\bin\zip.dll
0x00007ffe77f30000 - 0x00007ffe78615000 	C:\WINDOWS\System32\SHELL32.dll
0x00007ffe77e80000 - 0x00007ffe77f29000 	C:\WINDOWS\System32\shcore.dll
0x00007ffe76ca0000 - 0x00007ffe77420000 	C:\WINDOWS\System32\windows.storage.dll
0x00007ffe76800000 - 0x00007ffe76823000 	C:\WINDOWS\System32\profapi.dll
0x00007ffe76770000 - 0x00007ffe767ba000 	C:\WINDOWS\System32\powrprof.dll
0x00007ffe76760000 - 0x00007ffe76770000 	C:\WINDOWS\System32\UMPDC.dll
0x00007ffe79190000 - 0x00007ffe791e2000 	C:\WINDOWS\System32\shlwapi.dll
0x00007ffe767c0000 - 0x00007ffe767d1000 	C:\WINDOWS\System32\kernel.appcore.dll
0x00007ffe768d0000 - 0x00007ffe768e7000 	C:\WINDOWS\System32\cryptsp.dll
0x00007ffe587b0000 - 0x00007ffe587ca000 	C:\Program Files\Android\Android Studio\jre\jre\bin\net.dll
0x00007ffe622e0000 - 0x00007ffe624b5000 	C:\WINDOWS\SYSTEM32\urlmon.dll
0x00007ffe628e0000 - 0x00007ffe62b86000 	C:\WINDOWS\SYSTEM32\iertutil.dll
0x00007ffe76140000 - 0x00007ffe7614c000 	C:\WINDOWS\SYSTEM32\CRYPTBASE.DLL
0x00007ffe75f70000 - 0x00007ffe75fd7000 	C:\WINDOWS\system32\mswsock.dll
0x00007ffe54c00000 - 0x00007ffe54c13000 	C:\Program Files\Android\Android Studio\jre\jre\bin\nio.dll

VM Arguments:
java_command: org.jetbrains.kotlin.cli.jvm.K2JVMCompiler -Xallow-no-source-files -classpath C:\Users\Abhishek\StudioProjects\studypdf\app\build\intermediates\compile_and_runtime_not_namespaced_r_class_jar\debug\R.jar;C:\Users\Abhishek\.gradle\caches\transforms-2\files-2.1\2c6249d4a0e544be4e7f73ff58565b1f\jetified-kotlin-android-extensions-runtime-1.3.61.jar;C:\Users\Abhishek\.gradle\caches\transforms-2\files-2.1\c679afc5705765292850bb3abeff6913\jetified-AppIntro-5.1.0-api.jar;C:\Users\Abhishek\.gradle\caches\transforms-2\files-2.1\bcfa4e5b956cf2a240580302fb4327b1\jetified-firebase-database-ktx-19.2.1-api.jar;C:\Users\Abhishek\.gradle\caches\transforms-2\files-2.1\c17869b6c69a3d090783e3c206d532c3\jetified-firebase-common-ktx-19.3.0-api.jar;C:\Users\Abhishek\.gradle\caches\transforms-2\files-2.1\e9ae4eba1b8c6f9c74c01e568868c22e\jetified-kotlin-stdlib-jdk7-1.3.61.jar;C:\Users\Abhishek\.gradle\caches\transforms-2\files-2.1\7cef11eb9645be94aade8f704eb37de8\jetified-core-ktx-1.2.0-api.jar;C:\Users\Abhishek\.gradle\caches\transforms-2\files-2.1\4d37d8469e1ff4ec5893be8a210ee605\jetified-kotlin-stdlib-1.3.61.jar;C:\Users\Abhishek\.gradle\caches\transforms-2\files-2.1\8739fad661d7aa730c808f88a2e6c34e\jetified-kotlin-stdlib-common-1.3.61.jar;C:\Users\Abhishek\.gradle\caches\transforms-2\files-2.1\7343bfb674faf5fe34e1d608eb884a98\jetified-annotations-13.0.jar;C:\Users\Abhishek\.gradle\caches\transforms-2\files-2.1\bd0ba99dfa5c40563824c437f593dd1b\material-1.1.0-alpha10-api.jar;C:\Users\Abhishek\.gradle\caches\transforms-2\files-2.1\8ce4a34ac2a3f4c6e2f2d2ca3a3a6546\appcompat-1.1.0-api.jar;C:\Users\Abhishek\.gradle\caches\transforms-2\files-2.1\b0c72cf3fa07fca7953e0b908e9609c9\jetified-viewpager2-1.0.0-beta03-api.jar;C:\Users\Abhishek\.gradle\caches\transforms-2\files-2.1\46ff79583a8928aab25c811dbba633ad\recyclerview-1.1.0-beta01-api.jar;C:\Users\Abhishek\.gradle\caches\transforms-2\files-2.1\cdb0be00b6736861c604a7b6be0737d2\legacy-support-v4-1.0.0-api.jar;C:\Users\Abhishek\.gr
java_class_path (initial): C:\Users\Abhishek\.gradle\caches\modules-2\files-2.1\org.jetbrains.kotlin\kotlin-compiler-embeddable\1.3.61\c35c0833d5a1e3d229359758482c480306724618\kotlin-compiler-embeddable-1.3.61.jar;C:\Users\Abhishek\.gradle\caches\modules-2\files-2.1\org.jetbrains.kotlin\kotlin-reflect\1.3.61\2e07c9a84c9e118efb70eede7e579fd663932122\kotlin-reflect-1.3.61.jar;C:\Users\Abhishek\.gradle\caches\modules-2\files-2.1\org.jetbrains.kotlin\kotlin-stdlib\1.3.61\4702105e97f7396ae41b113fdbdc180ec1eb1e36\kotlin-stdlib-1.3.61.jar;C:\Users\Abhishek\.gradle\caches\modules-2\files-2.1\org.jetbrains.kotlin\kotlin-script-runtime\1.3.61\e5feb39c8de63dcbdc1154b34ca4413874231605\kotlin-script-runtime-1.3.61.jar;C:\Users\Abhishek\.gradle\caches\modules-2\files-2.1\org.jetbrains.kotlin\kotlin-daemon-embeddable\1.3.61\4de83e41a92c8395d89ab2e81d26b788ba163824\kotlin-daemon-embeddable-1.3.61.jar;C:\Users\Abhishek\.gradle\caches\modules-2\files-2.1\org.jetbrains.intellij.deps\trove4j\1.0.20181211\216c2e14b070f334479d800987affe4054cd563f\trove4j-1.0.20181211.jar;C:\Users\Abhishek\.gradle\caches\modules-2\files-2.1\org.jetbrains.kotlin\kotlin-stdlib-common\1.3.61\65abb71d5afb850b68be03987b08e2c864ca3110\kotlin-stdlib-common-1.3.61.jar;C:\Users\Abhishek\.gradle\caches\modules-2\files-2.1\org.jetbrains\annotations\13.0\919f0dfe192fb4e063e7dacadee7f8bb9a2672a9\annotations-13.0.jar;C:\Program Files\Android\Android Studio\jre\lib\tools.jar
Launcher Type: SUN_STANDARD

Environment Variables:
PATH=C:\WINDOWS\system32;C:\WINDOWS;C:\WINDOWS\System32\Wbem;C:\WINDOWS\System32\WindowsPowerShell\v1.0\;C:\WINDOWS\System32\OpenSSH\;C:\Program Files\nodejs\;C:\Program Files\Git\cmd;C:\Users\Abhishek\AppData\Local\Microsoft\WindowsApps;C:\Users\Abhishek\AppData\Roaming\npm;
USERNAME=Abhishek
OS=Windows_NT
PROCESSOR_IDENTIFIER=Intel64 Family 6 Model 78 Stepping 3, GenuineIntel



---------------  S Y S T E M  ---------------

OS: Windows 10.0 , 64 bit Build 18362 (10.0.18362.778)

CPU:total 4 (initial active 4) (2 cores per cpu, 2 threads per core) family 6 model 78 stepping 3, cmov, cx8, fxsr, mmx, sse, sse2, sse3, ssse3, sse4.1, sse4.2, popcnt, avx, avx2, aes, clmul, erms, 3dnowpref, lzcnt, ht, tsc, tscinvbit, bmi1, bmi2, adx

Memory: 4k page, physical 8251176k(660148k free), swap 33417000k(5460k free)

vm_info: OpenJDK 64-Bit Server VM (25.212-b04) for windows-amd64 JRE (1.8.0_212-release-1586-b04), built by "builder" with MS VC++ 10.0 (VS2010)

time: Mon May 25 21:19:11 2020
timezone: India Standard Time
elapsed time: 6 seconds (0d 0h 0m 6s)

