#
# There is insufficient memory for the Java Runtime Environment to continue.
# Native memory allocation (malloc) failed to allocate 621616 bytes for Chunk::new
# Possible reasons:
#   The system is out of physical RAM or swap space
#   The process is running with CompressedOops enabled, and the Java Heap may be blocking the growth of the native heap
# Possible solutions:
#   Reduce memory load on the system
#   Increase physical memory or swap space
#   Check if swap backing store is full
#   Decrease Java heap size (-Xmx/-Xms)
#   Decrease number of Java threads
#   Decrease Java thread stack sizes (-Xss)
#   Set larger code cache with -XX:ReservedCodeCacheSize=
#   JVM is running with Unscaled Compressed Oops mode in which the Java heap is
#     placed in the first 4GB address space. The Java Heap base address is the
#     maximum limit for the native heap growth. Please use -XX:HeapBaseMinAddress
#     to set the Java Heap base and to place the Java Heap above 4GB virtual address.
# This output file may be truncated or incomplete.
#
#  Out of Memory Error (allocation.cpp:389), pid=8528, tid=0x000000000000069c
#
# JRE version: OpenJDK Runtime Environment (8.0_212-b04) (build 1.8.0_212-release-1586-b04)
# Java VM: OpenJDK 64-Bit Server VM (25.212-b04 mixed mode windows-amd64 compressed oops)
# Failed to write core dump. Minidumps are not enabled by default on client versions of Windows
#

---------------  T H R E A D  ---------------

Current thread (0x0000000017c94800):  JavaThread "C2 CompilerThread0" daemon [_thread_in_native, id=1692, stack(0x00000000192e0000,0x00000000193e0000)]

Stack: [0x00000000192e0000,0x00000000193e0000]
[error occurred during error reporting (printing stack bounds), id 0xc0000005]

Native frames: (J=compiled Java code, j=interpreted, Vv=VM code, C=native code)


Current CompileTask:
C2:  12035 5709       4       org.jetbrains.kotlin.cli.jvm.index.JvmDependenciesIndexImpl::travelPath (165 bytes)


---------------  P R O C E S S  ---------------

Java Threads: ( => current thread )
  0x0000000017ced800 JavaThread "Service Thread" daemon [_thread_blocked, id=8228, stack(0x00000000199e0000,0x0000000019ae0000)]
  0x0000000017ca0000 JavaThread "C1 CompilerThread2" daemon [_thread_blocked, id=13964, stack(0x00000000194e0000,0x00000000195e0000)]
  0x0000000017c99800 JavaThread "C2 CompilerThread1" daemon [_thread_in_native, id=13624, stack(0x00000000193e0000,0x00000000194e0000)]
=>0x0000000017c94800 JavaThread "C2 CompilerThread0" daemon [_thread_in_native, id=1692, stack(0x00000000192e0000,0x00000000193e0000)]
  0x0000000017c92000 JavaThread "Attach Listener" daemon [_thread_blocked, id=11952, stack(0x00000000191e0000,0x00000000192e0000)]
  0x0000000017c90800 JavaThread "Signal Dispatcher" daemon [_thread_blocked, id=8844, stack(0x00000000190e0000,0x00000000191e0000)]
  0x000000000316d000 JavaThread "Finalizer" daemon [_thread_blocked, id=12372, stack(0x0000000018ee0000,0x0000000018fe0000)]
  0x0000000017c79000 JavaThread "Reference Handler" daemon [_thread_blocked, id=12540, stack(0x0000000018de0000,0x0000000018ee0000)]
  0x0000000003079800 JavaThread "main" [_thread_in_Java, id=7384, stack(0x0000000002f70000,0x0000000003070000)]

Other Threads:
  0x0000000017c57000 VMThread [stack: 0x0000000018ce0000,0x0000000018de0000] [id=4392]
  0x0000000017cee000 WatcherThread [stack: 0x0000000019ae0000,0x0000000019be0000] [id=10788]

VM state:not at safepoint (normal execution)

VM Mutex/Monitor currently owned by a thread: None

heap address: 0x0000000082000000, size: 2016 MB, Compressed Oops mode: 32-bit
Narrow klass base: 0x0000000000000000, Narrow klass shift: 3
Compressed class space size: 1073741824 Address: 0x0000000100000000

Heap:
 PSYoungGen      total 123904K, used 57501K [0x00000000d6000000, 0x00000000e1980000, 0x0000000100000000)
  eden space 114176K, 41% used [0x00000000d6000000,0x00000000d8eab020,0x00000000dcf80000)
  from space 9728K, 99% used [0x00000000de500000,0x00000000dee7c670,0x00000000dee80000)
  to   space 22016K, 0% used [0x00000000dcf80000,0x00000000dcf80000,0x00000000de500000)
 ParOldGen       total 127488K, used 34296K [0x0000000082000000, 0x0000000089c80000, 0x00000000d6000000)
  object space 127488K, 26% used [0x0000000082000000,0x000000008417e060,0x0000000089c80000)
 Metaspace       used 46656K, capacity 47527K, committed 47744K, reserved 1091584K
  class space    used 5773K, capacity 5985K, committed 6016K, reserved 1048576K

Card table byte_map: [0x0000000012530000,0x0000000012930000] byte_map_base: 0x0000000012120000

Marking Bits: (ParMarkBitMap*) 0x000000006d479f30
 Begin Bits: [0x0000000012fd0000, 0x0000000014f50000)
 End Bits:   [0x0000000014f50000, 0x0000000016ed0000)

Polling page: 0x0000000002de0000

CodeCache: size=245760Kb used=17204Kb max_used=17232Kb free=228555Kb
 bounds [0x0000000003170000, 0x0000000004270000, 0x0000000012170000]
 total_blobs=5747 nmethods=5286 adapters=373
 compilation: enabled

Compilation events (10 events):
Event: 12.029 Thread 0x0000000017ca0000 5765       1       org.jetbrains.kotlin.resolve.calls.tower.TowerData$BothTowerLevelAndImplicitReceiver::getImplicitReceiver (5 bytes)
Event: 12.029 Thread 0x0000000017ca0000 nmethod 5765 0x0000000003a0ef90 code [0x0000000003a0f0e0, 0x0000000003a0f1f0]
Event: 12.032 Thread 0x0000000017ca0000 5766       3       org.jetbrains.kotlin.util.collectionUtils.ScopeUtilsKt::concat (61 bytes)
Event: 12.033 Thread 0x0000000017ca0000 nmethod 5766 0x0000000003a05590 code [0x0000000003a057e0, 0x0000000003a064c8]
Event: 12.033 Thread 0x0000000017ca0000 5767       3       org.jetbrains.kotlin.resolve.calls.tower.AbstractScopeTowerLevel::getLocation (10 bytes)
Event: 12.033 Thread 0x0000000017ca0000 nmethod 5767 0x0000000003a05190 code [0x0000000003a05300, 0x0000000003a054b0]
Event: 12.033 Thread 0x0000000017ca0000 5768       3       org.jetbrains.kotlin.resolve.DelegatingBindingTrace::record (17 bytes)
Event: 12.033 Thread 0x0000000017ca0000 nmethod 5768 0x0000000003a0ea10 code [0x0000000003a0eba0, 0x0000000003a0ee38]
Event: 12.033 Thread 0x0000000017ca0000 5769       1       org.jetbrains.kotlin.resolve.BindingTraceFilter::getIgnoreDiagnostics (5 bytes)
Event: 12.034 Thread 0x0000000017ca0000 nmethod 5769 0x0000000003a0e750 code [0x0000000003a0e8a0, 0x0000000003a0e9b0]

GC Heap History (10 events):
Event: 3.028 GC heap before
{Heap before GC invocations=4 (full 1):
 PSYoungGen      total 70656K, used 5102K [0x00000000d6000000, 0x00000000dea00000, 0x0000000100000000)
  eden space 65536K, 0% used [0x00000000d6000000,0x00000000d6000000,0x00000000da000000)
  from space 5120K, 99% used [0x00000000da000000,0x00000000da4fba68,0x00000000da500000)
  to   space 5120K, 0% used [0x00000000de500000,0x00000000de500000,0x00000000dea00000)
 ParOldGen       total 86016K, used 11504K [0x0000000082000000, 0x0000000087400000, 0x00000000d6000000)
  object space 86016K, 13% used [0x0000000082000000,0x0000000082b3c188,0x0000000087400000)
 Metaspace       used 20736K, capacity 21130K, committed 21296K, reserved 1069056K
  class space    used 2467K, capacity 2621K, committed 2688K, reserved 1048576K
Event: 3.132 GC heap after
Heap after GC invocations=4 (full 1):
 PSYoungGen      total 70656K, used 0K [0x00000000d6000000, 0x00000000dea00000, 0x0000000100000000)
  eden space 65536K, 0% used [0x00000000d6000000,0x00000000d6000000,0x00000000da000000)
  from space 5120K, 0% used [0x00000000da000000,0x00000000da000000,0x00000000da500000)
  to   space 5120K, 0% used [0x00000000de500000,0x00000000de500000,0x00000000dea00000)
 ParOldGen       total 70656K, used 8963K [0x0000000082000000, 0x0000000086500000, 0x00000000d6000000)
  object space 70656K, 12% used [0x0000000082000000,0x00000000828c0dd8,0x0000000086500000)
 Metaspace       used 20736K, capacity 21130K, committed 21296K, reserved 1069056K
  class space    used 2467K, capacity 2621K, committed 2688K, reserved 1048576K
}
Event: 5.123 GC heap before
{Heap before GC invocations=5 (full 1):
 PSYoungGen      total 70656K, used 65536K [0x00000000d6000000, 0x00000000dea00000, 0x0000000100000000)
  eden space 65536K, 100% used [0x00000000d6000000,0x00000000da000000,0x00000000da000000)
  from space 5120K, 0% used [0x00000000da000000,0x00000000da000000,0x00000000da500000)
  to   space 5120K, 0% used [0x00000000de500000,0x00000000de500000,0x00000000dea00000)
 ParOldGen       total 70656K, used 8963K [0x0000000082000000, 0x0000000086500000, 0x00000000d6000000)
  object space 70656K, 12% used [0x0000000082000000,0x00000000828c0dd8,0x0000000086500000)
 Metaspace       used 29224K, capacity 29738K, committed 30208K, reserved 1075200K
  class space    used 3558K, capacity 3728K, committed 3840K, reserved 1048576K
Event: 5.170 GC heap after
Heap after GC invocations=5 (full 1):
 PSYoungGen      total 91648K, used 5118K [0x00000000d6000000, 0x00000000dea00000, 0x0000000100000000)
  eden space 86528K, 0% used [0x00000000d6000000,0x00000000d6000000,0x00000000db480000)
  from space 5120K, 99% used [0x00000000de500000,0x00000000de9ffb18,0x00000000dea00000)
  to   space 5120K, 0% used [0x00000000de000000,0x00000000de000000,0x00000000de500000)
 ParOldGen       total 70656K, used 19742K [0x0000000082000000, 0x0000000086500000, 0x00000000d6000000)
  object space 70656K, 27% used [0x0000000082000000,0x0000000083347840,0x0000000086500000)
 Metaspace       used 29224K, capacity 29738K, committed 30208K, reserved 1075200K
  class space    used 3558K, capacity 3728K, committed 3840K, reserved 1048576K
}
Event: 6.411 GC heap before
{Heap before GC invocations=6 (full 1):
 PSYoungGen      total 91648K, used 33767K [0x00000000d6000000, 0x00000000dea00000, 0x0000000100000000)
  eden space 86528K, 33% used [0x00000000d6000000,0x00000000d7bfa470,0x00000000db480000)
  from space 5120K, 99% used [0x00000000de500000,0x00000000de9ffb18,0x00000000dea00000)
  to   space 5120K, 0% used [0x00000000de000000,0x00000000de000000,0x00000000de500000)
 ParOldGen       total 70656K, used 19742K [0x0000000082000000, 0x0000000086500000, 0x00000000d6000000)
  object space 70656K, 27% used [0x0000000082000000,0x0000000083347840,0x0000000086500000)
 Metaspace       used 34754K, capacity 35261K, committed 35496K, reserved 1081344K
  class space    used 4421K, capacity 4558K, committed 4608K, reserved 1048576K
Event: 6.430 GC heap after
Heap after GC invocations=6 (full 1):
 PSYoungGen      total 119296K, used 5118K [0x00000000d6000000, 0x00000000dee80000, 0x0000000100000000)
  eden space 114176K, 0% used [0x00000000d6000000,0x00000000d6000000,0x00000000dcf80000)
  from space 5120K, 99% used [0x00000000de000000,0x00000000de4ffb18,0x00000000de500000)
  to   space 9728K, 0% used [0x00000000de500000,0x00000000de500000,0x00000000dee80000)
 ParOldGen       total 70656K, used 27086K [0x0000000082000000, 0x0000000086500000, 0x00000000d6000000)
  object space 70656K, 38% used [0x0000000082000000,0x0000000083a73b00,0x0000000086500000)
 Metaspace       used 34754K, capacity 35261K, committed 35496K, reserved 1081344K
  class space    used 4421K, capacity 4558K, committed 4608K, reserved 1048576K
}
Event: 6.430 GC heap before
{Heap before GC invocations=7 (full 2):
 PSYoungGen      total 119296K, used 5118K [0x00000000d6000000, 0x00000000dee80000, 0x0000000100000000)
  eden space 114176K, 0% used [0x00000000d6000000,0x00000000d6000000,0x00000000dcf80000)
  from space 5120K, 99% used [0x00000000de000000,0x00000000de4ffb18,0x00000000de500000)
  to   space 9728K, 0% used [0x00000000de500000,0x00000000de500000,0x00000000dee80000)
 ParOldGen       total 70656K, used 27086K [0x0000000082000000, 0x0000000086500000, 0x00000000d6000000)
  object space 70656K, 38% used [0x0000000082000000,0x0000000083a73b00,0x0000000086500000)
 Metaspace       used 34754K, capacity 35261K, committed 35496K, reserved 1081344K
  class space    used 4421K, capacity 4558K, committed 4608K, reserved 1048576K
Event: 6.560 GC heap after
Heap after GC invocations=7 (full 2):
 PSYoungGen      total 119296K, used 0K [0x00000000d6000000, 0x00000000dee80000, 0x0000000100000000)
  eden space 114176K, 0% used [0x00000000d6000000,0x00000000d6000000,0x00000000dcf80000)
  from space 5120K, 0% used [0x00000000de000000,0x00000000de000000,0x00000000de500000)
  to   space 9728K, 0% used [0x00000000de500000,0x00000000de500000,0x00000000dee80000)
 ParOldGen       total 127488K, used 20782K [0x0000000082000000, 0x0000000089c80000, 0x00000000d6000000)
  object space 127488K, 16% used [0x0000000082000000,0x000000008344bb40,0x0000000089c80000)
 Metaspace       used 34754K, capacity 35261K, committed 35496K, reserved 1081344K
  class space    used 4421K, capacity 4558K, committed 4608K, reserved 1048576K
}
Event: 10.570 GC heap before
{Heap before GC invocations=8 (full 2):
 PSYoungGen      total 119296K, used 114176K [0x00000000d6000000, 0x00000000dee80000, 0x0000000100000000)
  eden space 114176K, 100% used [0x00000000d6000000,0x00000000dcf80000,0x00000000dcf80000)
  from space 5120K, 0% used [0x00000000de000000,0x00000000de000000,0x00000000de500000)
  to   space 9728K, 0% used [0x00000000de500000,0x00000000de500000,0x00000000dee80000)
 ParOldGen       total 127488K, used 20782K [0x0000000082000000, 0x0000000089c80000, 0x00000000d6000000)
  object space 127488K, 16% used [0x0000000082000000,0x000000008344bb40,0x0000000089c80000)
 Metaspace       used 44891K, capacity 45579K, committed 46080K, reserved 1089536K
  class space    used 5571K, capacity 5775K, committed 5888K, reserved 1048576K
Event: 10.602 GC heap after
Heap after GC invocations=8 (full 2):
 PSYoungGen      total 123904K, used 9713K [0x00000000d6000000, 0x00000000e1980000, 0x0000000100000000)
  eden space 114176K, 0% used [0x00000000d6000000,0x00000000d6000000,0x00000000dcf80000)
  from space 9728K, 99% used [0x00000000de500000,0x00000000dee7c670,0x00000000dee80000)
  to   space 22016K, 0% used [0x00000000dcf80000,0x00000000dcf80000,0x00000000de500000)
 ParOldGen       total 127488K, used 34296K [0x0000000082000000, 0x0000000089c80000, 0x00000000d6000000)
  object space 127488K, 26% used [0x0000000082000000,0x000000008417e060,0x0000000089c80000)
 Metaspace       used 44891K, capacity 45579K, committed 46080K, reserved 1089536K
  class space    used 5571K, capacity 5775K, committed 5888K, reserved 1048576K
}

Deoptimization events (10 events):
Event: 12.012 Thread 0x0000000003079800 Uncommon trap: reason=class_check action=maybe_recompile pc=0x0000000004179dac method=org.jetbrains.kotlin.types.TypeConstructorSubstitution$Companion$createByConstructorsMap$1.isEmpty()Z @ 4
Event: 12.013 Thread 0x0000000003079800 Uncommon trap: reason=bimorphic action=maybe_recompile pc=0x0000000003880998 method=org.jetbrains.kotlin.resolve.OverridingUtil.determineModalityForFakeOverride(Ljava/util/Collection;Lorg/jetbrains/kotlin/descriptors/ClassDescriptor;)Lorg/jetbrains/kotlin
Event: 12.013 Thread 0x0000000003079800 Uncommon trap: reason=bimorphic action=maybe_recompile pc=0x00000000041e5dd0 method=org.jetbrains.kotlin.types.DisjointKeysUnionTypeSubstitution$Companion.create(Lorg/jetbrains/kotlin/types/TypeSubstitution;Lorg/jetbrains/kotlin/types/TypeSubstitution;)Lo
Event: 12.013 Thread 0x0000000003079800 Uncommon trap: reason=unstable_if action=reinterpret pc=0x0000000004179d38 method=org.jetbrains.kotlin.types.TypeSubstitutor.substitute(Lorg/jetbrains/kotlin/types/TypeProjection;)Lorg/jetbrains/kotlin/types/TypeProjection; @ 32
Event: 12.018 Thread 0x0000000003079800 Uncommon trap: reason=unstable_if action=reinterpret pc=0x00000000041794bc method=org.jetbrains.kotlin.types.TypeSubstitutor.substitute(Lorg/jetbrains/kotlin/types/TypeProjection;)Lorg/jetbrains/kotlin/types/TypeProjection; @ 32
Event: 12.018 Thread 0x0000000003079800 Uncommon trap: reason=bimorphic action=maybe_recompile pc=0x0000000003880998 method=org.jetbrains.kotlin.resolve.OverridingUtil.determineModalityForFakeOverride(Ljava/util/Collection;Lorg/jetbrains/kotlin/descriptors/ClassDescriptor;)Lorg/jetbrains/kotlin
Event: 12.018 Thread 0x0000000003079800 Uncommon trap: reason=bimorphic action=maybe_recompile pc=0x00000000041e5dd0 method=org.jetbrains.kotlin.types.DisjointKeysUnionTypeSubstitution$Companion.create(Lorg/jetbrains/kotlin/types/TypeSubstitution;Lorg/jetbrains/kotlin/types/TypeSubstitution;)Lo
Event: 12.019 Thread 0x0000000003079800 Uncommon trap: reason=class_check action=maybe_recompile pc=0x000000000345730c method=org.jetbrains.kotlin.types.TypeConstructorSubstitution$Companion$createByConstructorsMap$1.isEmpty()Z @ 4
Event: 12.021 Thread 0x0000000003079800 Uncommon trap: reason=bimorphic action=maybe_recompile pc=0x00000000041e5dd0 method=org.jetbrains.kotlin.types.DisjointKeysUnionTypeSubstitution$Companion.create(Lorg/jetbrains/kotlin/types/TypeSubstitution;Lorg/jetbrains/kotlin/types/TypeSubstitution;)Lo
Event: 12.021 Thread 0x0000000003079800 Uncommon trap: reason=bimorphic action=maybe_recompile pc=0x00000000041e5dd0 method=org.jetbrains.kotlin.types.DisjointKeysUnionTypeSubstitution$Companion.create(Lorg/jetbrains/kotlin/types/TypeSubstitution;Lorg/jetbrains/kotlin/types/TypeSubstitution;)Lo

Classes redefined (0 events):
No events

Internal exceptions (10 events):
Event: 5.918 Thread 0x0000000003079800 Exception <a 'java/lang/NoSuchMethodError': java.lang.Object.lambda$static$0(I)[Lorg/jetbrains/kotlin/psi/KtExpression;> (0x00000000d75b8960) thrown at [D:\src\AOSP-openjdk-cygwin\jdk8u\hotspot\src\share\vm\interpreter\linkResolver.cpp, line 620]
Event: 6.564 Thread 0x0000000003079800 Exception <a 'java/lang/NoSuchMethodError': java.lang.Object.lambda$static$0(I)[Lorg/jetbrains/kotlin/psi/KtDeclaration;> (0x00000000d6004450) thrown at [D:\src\AOSP-openjdk-cygwin\jdk8u\hotspot\src\share\vm\interpreter\linkResolver.cpp, line 620]
Event: 6.674 Thread 0x0000000003079800 Exception <a 'java/lang/NoSuchMethodError': java.lang.Object.lambda$static$0(I)[Lorg/jetbrains/kotlin/psi/KtTypeElement;> (0x00000000d6221ae8) thrown at [D:\src\AOSP-openjdk-cygwin\jdk8u\hotspot\src\share\vm\interpreter\linkResolver.cpp, line 620]
Event: 7.944 Thread 0x0000000003079800 Exception <a 'java/lang/NoSuchMethodError': java.lang.Object.lambda$static$0(I)[Lorg/jetbrains/kotlin/com/intellij/psi/PsiClass;> (0x00000000d91a1f00) thrown at [D:\src\AOSP-openjdk-cygwin\jdk8u\hotspot\src\share\vm\interpreter\linkResolver.cpp, line 620]
Event: 9.171 Thread 0x0000000003079800 Exception <a 'java/lang/NoSuchMethodError': java.lang.Object.lambda$static$0(I)[Lorg/jetbrains/kotlin/com/intellij/psi/PsiReference;> (0x00000000daeab448) thrown at [D:\src\AOSP-openjdk-cygwin\jdk8u\hotspot\src\share\vm\interpreter\linkResolver.cpp, line 
Event: 9.188 Thread 0x0000000003079800 Exception <a 'java/lang/NoSuchMethodError': java.lang.Object.lambda$static$0(I)[Lorg/jetbrains/kotlin/com/intellij/psi/PsiTypeElement;> (0x00000000daef6780) thrown at [D:\src\AOSP-openjdk-cygwin\jdk8u\hotspot\src\share\vm\interpreter\linkResolver.cpp, lin
Event: 9.251 Thread 0x0000000003079800 Exception <a 'java/lang/NoSuchMethodError': java.lang.Object.lambda$static$0(I)[Lorg/jetbrains/kotlin/com/intellij/psi/PsiTypeParameter;> (0x00000000db25ea68) thrown at [D:\src\AOSP-openjdk-cygwin\jdk8u\hotspot\src\share\vm\interpreter\linkResolver.cpp, l
Event: 9.406 Thread 0x0000000003079800 Implicit null exception at 0x0000000003c99f94 to 0x0000000003c9a291
Event: 9.406 Thread 0x0000000003079800 Implicit null exception at 0x0000000003c7a9ef to 0x0000000003c7aa2d
Event: 11.970 Thread 0x0000000003079800 Implicit null exception at 0x00000000038cd60c to 0x00000000038cd6e9

Events (10 events):
Event: 12.025 loading class org/jetbrains/kotlin/resolve/calls/smartcasts/IdentifierInfo$SafeCast
Event: 12.025 loading class org/jetbrains/kotlin/resolve/calls/smartcasts/IdentifierInfo$SafeCast done
Event: 12.026 loading class org/jetbrains/kotlin/contracts/ESDataFlowValue$DefaultImpls
Event: 12.026 loading class org/jetbrains/kotlin/contracts/ESDataFlowValue$DefaultImpls done
Event: 12.026 loading class org/jetbrains/kotlin/contracts/model/functors/EqualsFunctor
Event: 12.026 loading class org/jetbrains/kotlin/contracts/model/functors/EqualsFunctor done
Event: 12.026 loading class org/jetbrains/kotlin/contracts/model/AbstractFunctor
Event: 12.026 loading class org/jetbrains/kotlin/contracts/model/AbstractFunctor done
Event: 12.027 loading class org/jetbrains/kotlin/contracts/model/Functor
Event: 12.027 loading class org/jetbrains/kotlin/contracts/model/Functor done


Dynamic libraries:
0x00007ff78d9d0000 - 0x00007ff78da01000 	C:\Program Files\Android\Android Studio\jre\jre\bin\java.exe
0x00007ffe798a0000 - 0x00007ffe79a90000 	C:\WINDOWS\SYSTEM32\ntdll.dll
0x00007ffe797a0000 - 0x00007ffe79852000 	C:\WINDOWS\System32\KERNEL32.DLL
0x00007ffe77420000 - 0x00007ffe776c3000 	C:\WINDOWS\System32\KERNELBASE.dll
0x00007ffe77dd0000 - 0x00007ffe77e73000 	C:\WINDOWS\System32\ADVAPI32.dll
0x00007ffe788a0000 - 0x00007ffe7893e000 	C:\WINDOWS\System32\msvcrt.dll
0x00007ffe77ab0000 - 0x00007ffe77b47000 	C:\WINDOWS\System32\sechost.dll
0x00007ffe792a0000 - 0x00007ffe793c0000 	C:\WINDOWS\System32\RPCRT4.dll
0x00007ffe78f70000 - 0x00007ffe79104000 	C:\WINDOWS\System32\USER32.dll
0x00007ffe77920000 - 0x00007ffe77941000 	C:\WINDOWS\System32\win32u.dll
0x00007ffe79700000 - 0x00007ffe79726000 	C:\WINDOWS\System32\GDI32.dll
0x00007ffe76970000 - 0x00007ffe76b04000 	C:\WINDOWS\System32\gdi32full.dll
0x00007ffe76830000 - 0x00007ffe768ce000 	C:\WINDOWS\System32\msvcp_win.dll
0x00007ffe76b10000 - 0x00007ffe76c0a000 	C:\WINDOWS\System32\ucrtbase.dll
0x00007ffe669d0000 - 0x00007ffe66c55000 	C:\WINDOWS\WinSxS\amd64_microsoft.windows.common-controls_6595b64144ccf1df_6.0.18362.778_none_e6c6b761130d4fb8\COMCTL32.dll
0x00007ffe793c0000 - 0x00007ffe796f6000 	C:\WINDOWS\System32\combase.dll
0x00007ffe768f0000 - 0x00007ffe76970000 	C:\WINDOWS\System32\bcryptPrimitives.dll
0x00007ffe791f0000 - 0x00007ffe7921e000 	C:\WINDOWS\System32\IMM32.DLL
0x000000006caf0000 - 0x000000006cbc2000 	C:\Program Files\Android\Android Studio\jre\jre\bin\msvcr100.dll
0x000000006ccb0000 - 0x000000006d4f6000 	C:\Program Files\Android\Android Studio\jre\jre\bin\server\jvm.dll
0x00007ffe79290000 - 0x00007ffe79298000 	C:\WINDOWS\System32\PSAPI.DLL
0x00007ffe65630000 - 0x00007ffe65639000 	C:\WINDOWS\SYSTEM32\WSOCK32.dll
0x00007ffe737e0000 - 0x00007ffe73804000 	C:\WINDOWS\SYSTEM32\WINMM.dll
0x00007ffe66c70000 - 0x00007ffe66c7a000 	C:\WINDOWS\SYSTEM32\VERSION.dll
0x00007ffe78db0000 - 0x00007ffe78e1f000 	C:\WINDOWS\System32\WS2_32.dll
0x00007ffe737b0000 - 0x00007ffe737dd000 	C:\WINDOWS\SYSTEM32\WINMMBASE.dll
0x00007ffe77820000 - 0x00007ffe7786a000 	C:\WINDOWS\System32\cfgmgr32.dll
0x00007ffe6fed0000 - 0x00007ffe6fedf000 	C:\Program Files\Android\Android Studio\jre\jre\bin\verify.dll
0x00007ffe54300000 - 0x00007ffe54329000 	C:\Program Files\Android\Android Studio\jre\jre\bin\java.dll
0x00007ffe599b0000 - 0x00007ffe599c6000 	C:\Program Files\Android\Android Studio\jre\jre\bin\zip.dll
0x00007ffe77f30000 - 0x00007ffe78615000 	C:\WINDOWS\System32\SHELL32.dll
0x00007ffe77e80000 - 0x00007ffe77f29000 	C:\WINDOWS\System32\shcore.dll
0x00007ffe76ca0000 - 0x00007ffe77420000 	C:\WINDOWS\System32\windows.storage.dll
0x00007ffe76800000 - 0x00007ffe76823000 	C:\WINDOWS\System32\profapi.dll
0x00007ffe76770000 - 0x00007ffe767ba000 	C:\WINDOWS\System32\powrprof.dll
0x00007ffe76760000 - 0x00007ffe76770000 	C:\WINDOWS\System32\UMPDC.dll
0x00007ffe79190000 - 0x00007ffe791e2000 	C:\WINDOWS\System32\shlwapi.dll
0x00007ffe767c0000 - 0x00007ffe767d1000 	C:\WINDOWS\System32\kernel.appcore.dll
0x00007ffe768d0000 - 0x00007ffe768e7000 	C:\WINDOWS\System32\cryptsp.dll
0x00007ffe587b0000 - 0x00007ffe587ca000 	C:\Program Files\Android\Android Studio\jre\jre\bin\net.dll
0x00007ffe622e0000 - 0x00007ffe624b5000 	C:\WINDOWS\SYSTEM32\urlmon.dll
0x00007ffe628e0000 - 0x00007ffe62b86000 	C:\WINDOWS\SYSTEM32\iertutil.dll
0x00007ffe76140000 - 0x00007ffe7614c000 	C:\WINDOWS\SYSTEM32\CRYPTBASE.DLL
0x00007ffe75f70000 - 0x00007ffe75fd7000 	C:\WINDOWS\system32\mswsock.dll
0x00007ffe54c00000 - 0x00007ffe54c13000 	C:\Program Files\Android\Android Studio\jre\jre\bin\nio.dll

VM Arguments:
java_command: org.jetbrains.kotlin.cli.jvm.K2JVMCompiler -Xallow-no-source-files -classpath C:\Users\Abhishek\StudioProjects\studypdf\app\build\intermediates\compile_and_runtime_not_namespaced_r_class_jar\debug\R.jar;C:\Users\Abhishek\.gradle\caches\transforms-2\files-2.1\2c6249d4a0e544be4e7f73ff58565b1f\jetified-kotlin-android-extensions-runtime-1.3.61.jar;C:\Users\Abhishek\.gradle\caches\transforms-2\files-2.1\c679afc5705765292850bb3abeff6913\jetified-AppIntro-5.1.0-api.jar;C:\Users\Abhishek\.gradle\caches\transforms-2\files-2.1\bcfa4e5b956cf2a240580302fb4327b1\jetified-firebase-database-ktx-19.2.1-api.jar;C:\Users\Abhishek\.gradle\caches\transforms-2\files-2.1\c17869b6c69a3d090783e3c206d532c3\jetified-firebase-common-ktx-19.3.0-api.jar;C:\Users\Abhishek\.gradle\caches\transforms-2\files-2.1\e9ae4eba1b8c6f9c74c01e568868c22e\jetified-kotlin-stdlib-jdk7-1.3.61.jar;C:\Users\Abhishek\.gradle\caches\transforms-2\files-2.1\7cef11eb9645be94aade8f704eb37de8\jetified-core-ktx-1.2.0-api.jar;C:\Users\Abhishek\.gradle\caches\transforms-2\files-2.1\4d37d8469e1ff4ec5893be8a210ee605\jetified-kotlin-stdlib-1.3.61.jar;C:\Users\Abhishek\.gradle\caches\transforms-2\files-2.1\8739fad661d7aa730c808f88a2e6c34e\jetified-kotlin-stdlib-common-1.3.61.jar;C:\Users\Abhishek\.gradle\caches\transforms-2\files-2.1\7343bfb674faf5fe34e1d608eb884a98\jetified-annotations-13.0.jar;C:\Users\Abhishek\.gradle\caches\transforms-2\files-2.1\bd0ba99dfa5c40563824c437f593dd1b\material-1.1.0-alpha10-api.jar;C:\Users\Abhishek\.gradle\caches\transforms-2\files-2.1\8ce4a34ac2a3f4c6e2f2d2ca3a3a6546\appcompat-1.1.0-api.jar;C:\Users\Abhishek\.gradle\caches\transforms-2\files-2.1\b0c72cf3fa07fca7953e0b908e9609c9\jetified-viewpager2-1.0.0-beta03-api.jar;C:\Users\Abhishek\.gradle\caches\transforms-2\files-2.1\46ff79583a8928aab25c811dbba633ad\recyclerview-1.1.0-beta01-api.jar;C:\Users\Abhishek\.gradle\caches\transforms-2\files-2.1\cdb0be00b6736861c604a7b6be0737d2\legacy-support-v4-1.0.0-api.jar;C:\Users\Abhishek\.gr
java_class_path (initial): C:\Users\Abhishek\.gradle\caches\modules-2\files-2.1\org.jetbrains.kotlin\kotlin-compiler-embeddable\1.3.61\c35c0833d5a1e3d229359758482c480306724618\kotlin-compiler-embeddable-1.3.61.jar;C:\Users\Abhishek\.gradle\caches\modules-2\files-2.1\org.jetbrains.kotlin\kotlin-reflect\1.3.61\2e07c9a84c9e118efb70eede7e579fd663932122\kotlin-reflect-1.3.61.jar;C:\Users\Abhishek\.gradle\caches\modules-2\files-2.1\org.jetbrains.kotlin\kotlin-stdlib\1.3.61\4702105e97f7396ae41b113fdbdc180ec1eb1e36\kotlin-stdlib-1.3.61.jar;C:\Users\Abhishek\.gradle\caches\modules-2\files-2.1\org.jetbrains.kotlin\kotlin-script-runtime\1.3.61\e5feb39c8de63dcbdc1154b34ca4413874231605\kotlin-script-runtime-1.3.61.jar;C:\Users\Abhishek\.gradle\caches\modules-2\files-2.1\org.jetbrains.kotlin\kotlin-daemon-embeddable\1.3.61\4de83e41a92c8395d89ab2e81d26b788ba163824\kotlin-daemon-embeddable-1.3.61.jar;C:\Users\Abhishek\.gradle\caches\modules-2\files-2.1\org.jetbrains.intellij.deps\trove4j\1.0.20181211\216c2e14b070f334479d800987affe4054cd563f\trove4j-1.0.20181211.jar;C:\Users\Abhishek\.gradle\caches\modules-2\files-2.1\org.jetbrains.kotlin\kotlin-stdlib-common\1.3.61\65abb71d5afb850b68be03987b08e2c864ca3110\kotlin-stdlib-common-1.3.61.jar;C:\Users\Abhishek\.gradle\caches\modules-2\files-2.1\org.jetbrains\annotations\13.0\919f0dfe192fb4e063e7dacadee7f8bb9a2672a9\annotations-13.0.jar;C:\Program Files\Android\Android Studio\jre\lib\tools.jar
Launcher Type: SUN_STANDARD

Environment Variables:
PATH=C:\WINDOWS\system32;C:\WINDOWS;C:\WINDOWS\System32\Wbem;C:\WINDOWS\System32\WindowsPowerShell\v1.0\;C:\WINDOWS\System32\OpenSSH\;C:\Program Files\nodejs\;C:\Program Files\Git\cmd;C:\Users\Abhishek\AppData\Local\Microsoft\WindowsApps;C:\Users\Abhishek\AppData\Roaming\npm;
USERNAME=Abhishek
OS=Windows_NT
PROCESSOR_IDENTIFIER=Intel64 Family 6 Model 78 Stepping 3, GenuineIntel



---------------  S Y S T E M  ---------------

OS: Windows 10.0 , 64 bit Build 18362 (10.0.18362.778)

CPU:total 4 (initial active 4) (2 cores per cpu, 2 threads per core) family 6 model 78 stepping 3, cmov, cx8, fxsr, mmx, sse, sse2, sse3, ssse3, sse4.1, sse4.2, popcnt, avx, avx2, aes, clmul, erms, 3dnowpref, lzcnt, ht, tsc, tscinvbit, bmi1, bmi2, adx

Memory: 4k page, physical 8251176k(400676k free), swap 33417000k(5520k free)

vm_info: OpenJDK 64-Bit Server VM (25.212-b04) for windows-amd64 JRE (1.8.0_212-release-1586-b04), built by "builder" with MS VC++ 10.0 (VS2010)

time: Mon May 25 21:18:14 2020
timezone: India Standard Time
elapsed time: 12 seconds (0d 0h 0m 12s)

